2024-06-13T10:27:54.440+02:00  INFO 7072 --- [g-40-shop] [main] de.ait_tr.g_40_shop.G40ShopApplication   : Starting G40ShopApplication using Java 17.0.11 with PID 7072 (C:\Users\MACS4YOU\IdeaProjects\g-40-shop\target\classes started by MACS4YOU in C:\Users\MACS4YOU\IdeaProjects\g-40-shop)
2024-06-13T10:27:54.533+02:00  INFO 7072 --- [g-40-shop] [main] de.ait_tr.g_40_shop.G40ShopApplication   : The following 1 profile is active: "dev"
2024-06-13T10:28:00.350+02:00  INFO 7072 --- [g-40-shop] [main] .s.d.r.c.RepositoryConfigurationDelegate : Bootstrapping Spring Data JPA repositories in DEFAULT mode.
2024-06-13T10:28:00.733+02:00  INFO 7072 --- [g-40-shop] [main] .s.d.r.c.RepositoryConfigurationDelegate : Finished Spring Data repository scanning in 346 ms. Found 5 JPA repository interfaces.
2024-06-13T10:28:12.493+02:00  INFO 7072 --- [g-40-shop] [main] o.s.b.w.embedded.tomcat.TomcatWebServer  : Tomcat initialized with port 8080 (http)
2024-06-13T10:28:12.643+02:00  INFO 7072 --- [g-40-shop] [main] o.apache.catalina.core.StandardService   : Starting service [Tomcat]
2024-06-13T10:28:12.646+02:00  INFO 7072 --- [g-40-shop] [main] o.apache.catalina.core.StandardEngine    : Starting Servlet engine: [Apache Tomcat/10.1.24]
2024-06-13T10:28:13.380+02:00  INFO 7072 --- [g-40-shop] [main] o.a.c.c.C.[Tomcat].[localhost].[/]       : Initializing Spring embedded WebApplicationContext
2024-06-13T10:28:13.389+02:00  INFO 7072 --- [g-40-shop] [main] w.s.c.ServletWebServerApplicationContext : Root WebApplicationContext: initialization completed in 18495 ms
2024-06-13T10:28:15.316+02:00  INFO 7072 --- [g-40-shop] [main] com.zaxxer.hikari.HikariDataSource       : HikariPool-1 - Starting...
2024-06-13T10:28:17.331+02:00  INFO 7072 --- [g-40-shop] [main] com.zaxxer.hikari.pool.HikariPool        : HikariPool-1 - Added connection org.postgresql.jdbc.PgConnection@333398f
2024-06-13T10:28:17.347+02:00  INFO 7072 --- [g-40-shop] [main] com.zaxxer.hikari.HikariDataSource       : HikariPool-1 - Start completed.
2024-06-13T10:28:18.382+02:00  INFO 7072 --- [g-40-shop] [main] liquibase.database                       : Set default schema name to public
2024-06-13T10:28:24.619+02:00  INFO 7072 --- [g-40-shop] [main] liquibase.changelog                      : Reading from public.databasechangelog
2024-06-13T10:28:24.876+02:00  INFO 7072 --- [g-40-shop] [main] liquibase.ui                             : Database is up to date, no changesets to execute
2024-06-13T10:28:24.883+02:00  INFO 7072 --- [g-40-shop] [main] liquibase.changelog                      : Reading from public.databasechangelog
2024-06-13T10:28:24.923+02:00  INFO 7072 --- [g-40-shop] [main] liquibase.util                           : UPDATE SUMMARY
2024-06-13T10:28:24.924+02:00  INFO 7072 --- [g-40-shop] [main] liquibase.util                           : Run:                          0
2024-06-13T10:28:24.925+02:00  INFO 7072 --- [g-40-shop] [main] liquibase.util                           : Previously run:               8
2024-06-13T10:28:24.926+02:00  INFO 7072 --- [g-40-shop] [main] liquibase.util                           : Filtered out:                 0
2024-06-13T10:28:24.927+02:00  INFO 7072 --- [g-40-shop] [main] liquibase.util                           : -------------------------------
2024-06-13T10:28:24.930+02:00  INFO 7072 --- [g-40-shop] [main] liquibase.util                           : Total change sets:            8
2024-06-13T10:28:24.935+02:00  INFO 7072 --- [g-40-shop] [main] liquibase.util                           : Update summary generated
2024-06-13T10:28:25.065+02:00  INFO 7072 --- [g-40-shop] [main] liquibase.lockservice                    : Successfully released change log lock
2024-06-13T10:28:25.075+02:00  INFO 7072 --- [g-40-shop] [main] liquibase.command                        : Command execution complete
2024-06-13T10:28:26.135+02:00  INFO 7072 --- [g-40-shop] [main] o.hibernate.jpa.internal.util.LogHelper  : HHH000204: Processing PersistenceUnitInfo [name: default]
2024-06-13T10:28:26.425+02:00  INFO 7072 --- [g-40-shop] [main] org.hibernate.Version                    : HHH000412: Hibernate ORM core version 6.5.2.Final
2024-06-13T10:28:26.732+02:00  INFO 7072 --- [g-40-shop] [main] o.h.c.internal.RegionFactoryInitiator    : HHH000026: Second-level cache disabled
2024-06-13T10:28:28.505+02:00  INFO 7072 --- [g-40-shop] [main] o.s.o.j.p.SpringPersistenceUnitInfo      : No LoadTimeWeaver setup: ignoring JPA class transformer
2024-06-13T10:28:34.504+02:00  INFO 7072 --- [g-40-shop] [main] o.h.e.t.j.p.i.JtaPlatformInitiator       : HHH000489: No JTA platform available (set 'hibernate.transaction.jta.platform' to enable JTA platform integration)
2024-06-13T10:28:34.514+02:00  INFO 7072 --- [g-40-shop] [main] j.LocalContainerEntityManagerFactoryBean : Initialized JPA EntityManagerFactory for persistence unit 'default'
2024-06-13T10:28:39.784+02:00  WARN 7072 --- [g-40-shop] [main] ConfigServletWebServerApplicationContext : Exception encountered during context initialization - cancelling refresh attempt: org.springframework.beans.factory.UnsatisfiedDependencyException: Error creating bean with name 'cartController' defined in file [C:\Users\MACS4YOU\IdeaProjects\g-40-shop\target\classes\de\ait_tr\g_40_shop\controller\CartController.class]: Unsatisfied dependency expressed through constructor parameter 0: No qualifying bean of type 'de.ait_tr.g_40_shop.service.interfaces.CartService' available: expected at least 1 bean which qualifies as autowire candidate. Dependency annotations: {}
2024-06-13T10:28:39.786+02:00  INFO 7072 --- [g-40-shop] [main] j.LocalContainerEntityManagerFactoryBean : Closing JPA EntityManagerFactory for persistence unit 'default'
2024-06-13T10:28:39.795+02:00  INFO 7072 --- [g-40-shop] [main] com.zaxxer.hikari.HikariDataSource       : HikariPool-1 - Shutdown initiated...
2024-06-13T10:28:39.844+02:00  INFO 7072 --- [g-40-shop] [main] com.zaxxer.hikari.HikariDataSource       : HikariPool-1 - Shutdown completed.
2024-06-13T10:28:39.852+02:00  INFO 7072 --- [g-40-shop] [main] o.apache.catalina.core.StandardService   : Stopping service [Tomcat]
2024-06-13T10:28:40.146+02:00  INFO 7072 --- [g-40-shop] [main] .s.b.a.l.ConditionEvaluationReportLogger : 

Error starting ApplicationContext. To display the condition evaluation report re-run your application with 'debug' enabled.
2024-06-13T10:29:03.265+02:00 ERROR 7072 --- [g-40-shop] [main] o.s.b.d.LoggingFailureAnalysisReporter   : 

***************************
APPLICATION FAILED TO START
***************************

Description:

Parameter 0 of constructor in de.ait_tr.g_40_shop.controller.CartController required a bean of type 'de.ait_tr.g_40_shop.service.interfaces.CartService' that could not be found.


Action:

Consider defining a bean of type 'de.ait_tr.g_40_shop.service.interfaces.CartService' in your configuration.

2024-06-13T10:32:47.360+02:00  INFO 14292 --- [g-40-shop] [main] de.ait_tr.g_40_shop.G40ShopApplication   : Starting G40ShopApplication using Java 17.0.11 with PID 14292 (C:\Users\MACS4YOU\IdeaProjects\g-40-shop\target\classes started by MACS4YOU in C:\Users\MACS4YOU\IdeaProjects\g-40-shop)
2024-06-13T10:32:47.398+02:00  INFO 14292 --- [g-40-shop] [main] de.ait_tr.g_40_shop.G40ShopApplication   : The following 1 profile is active: "dev"
2024-06-13T10:32:54.210+02:00  INFO 14292 --- [g-40-shop] [main] .s.d.r.c.RepositoryConfigurationDelegate : Bootstrapping Spring Data JPA repositories in DEFAULT mode.
2024-06-13T10:32:54.686+02:00  INFO 14292 --- [g-40-shop] [main] .s.d.r.c.RepositoryConfigurationDelegate : Finished Spring Data repository scanning in 437 ms. Found 5 JPA repository interfaces.
2024-06-13T10:33:00.641+02:00  INFO 14292 --- [g-40-shop] [main] o.s.b.w.embedded.tomcat.TomcatWebServer  : Tomcat initialized with port 8080 (http)
2024-06-13T10:33:00.692+02:00  INFO 14292 --- [g-40-shop] [main] o.apache.catalina.core.StandardService   : Starting service [Tomcat]
2024-06-13T10:33:00.693+02:00  INFO 14292 --- [g-40-shop] [main] o.apache.catalina.core.StandardEngine    : Starting Servlet engine: [Apache Tomcat/10.1.24]
2024-06-13T10:33:01.177+02:00  INFO 14292 --- [g-40-shop] [main] o.a.c.c.C.[Tomcat].[localhost].[/]       : Initializing Spring embedded WebApplicationContext
2024-06-13T10:33:01.178+02:00  INFO 14292 --- [g-40-shop] [main] w.s.c.ServletWebServerApplicationContext : Root WebApplicationContext: initialization completed in 13379 ms
2024-06-13T10:33:03.276+02:00  INFO 14292 --- [g-40-shop] [main] com.zaxxer.hikari.HikariDataSource       : HikariPool-1 - Starting...
2024-06-13T10:33:04.951+02:00  INFO 14292 --- [g-40-shop] [main] com.zaxxer.hikari.pool.HikariPool        : HikariPool-1 - Added connection org.postgresql.jdbc.PgConnection@3bbb8c16
2024-06-13T10:33:04.974+02:00  INFO 14292 --- [g-40-shop] [main] com.zaxxer.hikari.HikariDataSource       : HikariPool-1 - Start completed.
2024-06-13T10:33:06.103+02:00  INFO 14292 --- [g-40-shop] [main] liquibase.database                       : Set default schema name to public
2024-06-13T10:33:13.359+02:00  INFO 14292 --- [g-40-shop] [main] liquibase.changelog                      : Reading from public.databasechangelog
2024-06-13T10:33:13.571+02:00  INFO 14292 --- [g-40-shop] [main] liquibase.ui                             : Database is up to date, no changesets to execute
2024-06-13T10:33:13.577+02:00  INFO 14292 --- [g-40-shop] [main] liquibase.changelog                      : Reading from public.databasechangelog
2024-06-13T10:33:13.613+02:00  INFO 14292 --- [g-40-shop] [main] liquibase.util                           : UPDATE SUMMARY
2024-06-13T10:33:13.614+02:00  INFO 14292 --- [g-40-shop] [main] liquibase.util                           : Run:                          0
2024-06-13T10:33:13.614+02:00  INFO 14292 --- [g-40-shop] [main] liquibase.util                           : Previously run:               8
2024-06-13T10:33:13.615+02:00  INFO 14292 --- [g-40-shop] [main] liquibase.util                           : Filtered out:                 0
2024-06-13T10:33:13.615+02:00  INFO 14292 --- [g-40-shop] [main] liquibase.util                           : -------------------------------
2024-06-13T10:33:13.615+02:00  INFO 14292 --- [g-40-shop] [main] liquibase.util                           : Total change sets:            8
2024-06-13T10:33:13.618+02:00  INFO 14292 --- [g-40-shop] [main] liquibase.util                           : Update summary generated
2024-06-13T10:33:13.731+02:00  INFO 14292 --- [g-40-shop] [main] liquibase.lockservice                    : Successfully released change log lock
2024-06-13T10:33:13.738+02:00  INFO 14292 --- [g-40-shop] [main] liquibase.command                        : Command execution complete
2024-06-13T10:33:14.498+02:00  INFO 14292 --- [g-40-shop] [main] o.hibernate.jpa.internal.util.LogHelper  : HHH000204: Processing PersistenceUnitInfo [name: default]
2024-06-13T10:33:14.792+02:00  INFO 14292 --- [g-40-shop] [main] org.hibernate.Version                    : HHH000412: Hibernate ORM core version 6.5.2.Final
2024-06-13T10:33:14.915+02:00  INFO 14292 --- [g-40-shop] [main] o.h.c.internal.RegionFactoryInitiator    : HHH000026: Second-level cache disabled
2024-06-13T10:33:17.801+02:00  INFO 14292 --- [g-40-shop] [main] o.s.o.j.p.SpringPersistenceUnitInfo      : No LoadTimeWeaver setup: ignoring JPA class transformer
2024-06-13T10:33:25.637+02:00  INFO 14292 --- [g-40-shop] [main] o.h.e.t.j.p.i.JtaPlatformInitiator       : HHH000489: No JTA platform available (set 'hibernate.transaction.jta.platform' to enable JTA platform integration)
2024-06-13T10:33:25.649+02:00  INFO 14292 --- [g-40-shop] [main] j.LocalContainerEntityManagerFactoryBean : Initialized JPA EntityManagerFactory for persistence unit 'default'
2024-06-13T10:33:50.135+02:00  INFO 1728 --- [g-40-shop] [main] de.ait_tr.g_40_shop.G40ShopApplication   : Starting G40ShopApplication using Java 17.0.11 with PID 1728 (C:\Users\MACS4YOU\IdeaProjects\g-40-shop\target\classes started by MACS4YOU in C:\Users\MACS4YOU\IdeaProjects\g-40-shop)
2024-06-13T10:33:50.156+02:00  INFO 1728 --- [g-40-shop] [main] de.ait_tr.g_40_shop.G40ShopApplication   : The following 1 profile is active: "dev"
2024-06-13T10:33:54.693+02:00  INFO 1728 --- [g-40-shop] [main] .s.d.r.c.RepositoryConfigurationDelegate : Bootstrapping Spring Data JPA repositories in DEFAULT mode.
2024-06-13T10:33:55.048+02:00  INFO 1728 --- [g-40-shop] [main] .s.d.r.c.RepositoryConfigurationDelegate : Finished Spring Data repository scanning in 310 ms. Found 5 JPA repository interfaces.
2024-06-13T10:34:00.558+02:00  INFO 1728 --- [g-40-shop] [main] o.s.b.w.embedded.tomcat.TomcatWebServer  : Tomcat initialized with port 8080 (http)
2024-06-13T10:34:00.622+02:00  INFO 1728 --- [g-40-shop] [main] o.apache.catalina.core.StandardService   : Starting service [Tomcat]
2024-06-13T10:34:00.624+02:00  INFO 1728 --- [g-40-shop] [main] o.apache.catalina.core.StandardEngine    : Starting Servlet engine: [Apache Tomcat/10.1.24]
2024-06-13T10:34:01.135+02:00  INFO 1728 --- [g-40-shop] [main] o.a.c.c.C.[Tomcat].[localhost].[/]       : Initializing Spring embedded WebApplicationContext
2024-06-13T10:34:01.140+02:00  INFO 1728 --- [g-40-shop] [main] w.s.c.ServletWebServerApplicationContext : Root WebApplicationContext: initialization completed in 10702 ms
2024-06-13T10:34:02.443+02:00  INFO 1728 --- [g-40-shop] [main] com.zaxxer.hikari.HikariDataSource       : HikariPool-1 - Starting...
2024-06-13T10:34:03.427+02:00  INFO 1728 --- [g-40-shop] [main] com.zaxxer.hikari.pool.HikariPool        : HikariPool-1 - Added connection org.postgresql.jdbc.PgConnection@3de79067
2024-06-13T10:34:03.436+02:00  INFO 1728 --- [g-40-shop] [main] com.zaxxer.hikari.HikariDataSource       : HikariPool-1 - Start completed.
2024-06-13T10:34:04.532+02:00  INFO 1728 --- [g-40-shop] [main] liquibase.database                       : Set default schema name to public
2024-06-13T10:34:07.656+02:00  INFO 1728 --- [g-40-shop] [main] liquibase.changelog                      : Reading from public.databasechangelog
2024-06-13T10:34:07.930+02:00  INFO 1728 --- [g-40-shop] [main] liquibase.ui                             : Database is up to date, no changesets to execute
2024-06-13T10:34:07.938+02:00  INFO 1728 --- [g-40-shop] [main] liquibase.changelog                      : Reading from public.databasechangelog
2024-06-13T10:34:07.975+02:00  INFO 1728 --- [g-40-shop] [main] liquibase.util                           : UPDATE SUMMARY
2024-06-13T10:34:07.975+02:00  INFO 1728 --- [g-40-shop] [main] liquibase.util                           : Run:                          0
2024-06-13T10:34:07.976+02:00  INFO 1728 --- [g-40-shop] [main] liquibase.util                           : Previously run:               8
2024-06-13T10:34:07.976+02:00  INFO 1728 --- [g-40-shop] [main] liquibase.util                           : Filtered out:                 0
2024-06-13T10:34:07.976+02:00  INFO 1728 --- [g-40-shop] [main] liquibase.util                           : -------------------------------
2024-06-13T10:34:07.977+02:00  INFO 1728 --- [g-40-shop] [main] liquibase.util                           : Total change sets:            8
2024-06-13T10:34:07.979+02:00  INFO 1728 --- [g-40-shop] [main] liquibase.util                           : Update summary generated
2024-06-13T10:34:08.072+02:00  INFO 1728 --- [g-40-shop] [main] liquibase.lockservice                    : Successfully released change log lock
2024-06-13T10:34:08.080+02:00  INFO 1728 --- [g-40-shop] [main] liquibase.command                        : Command execution complete
2024-06-13T10:34:08.777+02:00  INFO 1728 --- [g-40-shop] [main] o.hibernate.jpa.internal.util.LogHelper  : HHH000204: Processing PersistenceUnitInfo [name: default]
2024-06-13T10:34:09.006+02:00  INFO 1728 --- [g-40-shop] [main] org.hibernate.Version                    : HHH000412: Hibernate ORM core version 6.5.2.Final
2024-06-13T10:34:09.169+02:00  INFO 1728 --- [g-40-shop] [main] o.h.c.internal.RegionFactoryInitiator    : HHH000026: Second-level cache disabled
2024-06-13T10:34:10.555+02:00  INFO 1728 --- [g-40-shop] [main] o.s.o.j.p.SpringPersistenceUnitInfo      : No LoadTimeWeaver setup: ignoring JPA class transformer
2024-06-13T10:34:15.337+02:00  INFO 1728 --- [g-40-shop] [main] o.h.e.t.j.p.i.JtaPlatformInitiator       : HHH000489: No JTA platform available (set 'hibernate.transaction.jta.platform' to enable JTA platform integration)
2024-06-13T10:34:15.341+02:00  INFO 1728 --- [g-40-shop] [main] j.LocalContainerEntityManagerFactoryBean : Initialized JPA EntityManagerFactory for persistence unit 'default'
2024-06-13T10:34:18.675+02:00  WARN 1728 --- [g-40-shop] [main] ConfigServletWebServerApplicationContext : Exception encountered during context initialization - cancelling refresh attempt: org.springframework.beans.factory.UnsatisfiedDependencyException: Error creating bean with name 'customerController' defined in file [C:\Users\MACS4YOU\IdeaProjects\g-40-shop\target\classes\de\ait_tr\g_40_shop\controller\CustomerController.class]: Unsatisfied dependency expressed through constructor parameter 0: No qualifying bean of type 'de.ait_tr.g_40_shop.service.interfaces.CustomerService' available: expected at least 1 bean which qualifies as autowire candidate. Dependency annotations: {}
2024-06-13T10:34:18.678+02:00  INFO 1728 --- [g-40-shop] [main] j.LocalContainerEntityManagerFactoryBean : Closing JPA EntityManagerFactory for persistence unit 'default'
2024-06-13T10:34:18.685+02:00  INFO 1728 --- [g-40-shop] [main] com.zaxxer.hikari.HikariDataSource       : HikariPool-1 - Shutdown initiated...
2024-06-13T10:34:18.726+02:00  INFO 1728 --- [g-40-shop] [main] com.zaxxer.hikari.HikariDataSource       : HikariPool-1 - Shutdown completed.
2024-06-13T10:34:18.734+02:00  INFO 1728 --- [g-40-shop] [main] o.apache.catalina.core.StandardService   : Stopping service [Tomcat]
2024-06-13T10:34:18.819+02:00  INFO 1728 --- [g-40-shop] [main] .s.b.a.l.ConditionEvaluationReportLogger : 

Error starting ApplicationContext. To display the condition evaluation report re-run your application with 'debug' enabled.
2024-06-13T10:34:37.218+02:00  INFO 7812 --- [g-40-shop] [main] de.ait_tr.g_40_shop.G40ShopApplication   : Starting G40ShopApplication using Java 17.0.11 with PID 7812 (C:\Users\MACS4YOU\IdeaProjects\g-40-shop\target\classes started by MACS4YOU in C:\Users\MACS4YOU\IdeaProjects\g-40-shop)
2024-06-13T10:34:37.232+02:00  INFO 7812 --- [g-40-shop] [main] de.ait_tr.g_40_shop.G40ShopApplication   : The following 1 profile is active: "dev"
2024-06-13T10:34:42.976+02:00  INFO 7812 --- [g-40-shop] [main] .s.d.r.c.RepositoryConfigurationDelegate : Bootstrapping Spring Data JPA repositories in DEFAULT mode.
2024-06-13T10:34:43.364+02:00  INFO 7812 --- [g-40-shop] [main] .s.d.r.c.RepositoryConfigurationDelegate : Finished Spring Data repository scanning in 334 ms. Found 5 JPA repository interfaces.
2024-06-13T10:34:49.676+02:00  INFO 7812 --- [g-40-shop] [main] o.s.b.w.embedded.tomcat.TomcatWebServer  : Tomcat initialized with port 8080 (http)
2024-06-13T10:34:49.728+02:00  INFO 7812 --- [g-40-shop] [main] o.apache.catalina.core.StandardService   : Starting service [Tomcat]
2024-06-13T10:34:49.728+02:00  INFO 7812 --- [g-40-shop] [main] o.apache.catalina.core.StandardEngine    : Starting Servlet engine: [Apache Tomcat/10.1.24]
2024-06-13T10:34:50.150+02:00  INFO 7812 --- [g-40-shop] [main] o.a.c.c.C.[Tomcat].[localhost].[/]       : Initializing Spring embedded WebApplicationContext
2024-06-13T10:34:50.156+02:00  INFO 7812 --- [g-40-shop] [main] w.s.c.ServletWebServerApplicationContext : Root WebApplicationContext: initialization completed in 12593 ms
2024-06-13T10:34:51.367+02:00  INFO 7812 --- [g-40-shop] [main] com.zaxxer.hikari.HikariDataSource       : HikariPool-1 - Starting...
2024-06-13T10:34:52.480+02:00  INFO 7812 --- [g-40-shop] [main] com.zaxxer.hikari.pool.HikariPool        : HikariPool-1 - Added connection org.postgresql.jdbc.PgConnection@9d3d54e
2024-06-13T10:34:52.492+02:00  INFO 7812 --- [g-40-shop] [main] com.zaxxer.hikari.HikariDataSource       : HikariPool-1 - Start completed.
2024-06-13T10:34:54.077+02:00  INFO 7812 --- [g-40-shop] [main] liquibase.database                       : Set default schema name to public
2024-06-13T10:34:58.719+02:00  INFO 7812 --- [g-40-shop] [main] liquibase.changelog                      : Reading from public.databasechangelog
2024-06-13T10:34:58.922+02:00  INFO 7812 --- [g-40-shop] [main] liquibase.ui                             : Database is up to date, no changesets to execute
2024-06-13T10:34:58.932+02:00  INFO 7812 --- [g-40-shop] [main] liquibase.changelog                      : Reading from public.databasechangelog
2024-06-13T10:34:59.002+02:00  INFO 7812 --- [g-40-shop] [main] liquibase.util                           : UPDATE SUMMARY
2024-06-13T10:34:59.006+02:00  INFO 7812 --- [g-40-shop] [main] liquibase.util                           : Run:                          0
2024-06-13T10:34:59.007+02:00  INFO 7812 --- [g-40-shop] [main] liquibase.util                           : Previously run:               8
2024-06-13T10:34:59.008+02:00  INFO 7812 --- [g-40-shop] [main] liquibase.util                           : Filtered out:                 0
2024-06-13T10:34:59.009+02:00  INFO 7812 --- [g-40-shop] [main] liquibase.util                           : -------------------------------
2024-06-13T10:34:59.010+02:00  INFO 7812 --- [g-40-shop] [main] liquibase.util                           : Total change sets:            8
2024-06-13T10:34:59.020+02:00  INFO 7812 --- [g-40-shop] [main] liquibase.util                           : Update summary generated
2024-06-13T10:34:59.119+02:00  INFO 7812 --- [g-40-shop] [main] liquibase.lockservice                    : Successfully released change log lock
2024-06-13T10:34:59.124+02:00  INFO 7812 --- [g-40-shop] [main] liquibase.command                        : Command execution complete
2024-06-13T10:34:59.981+02:00  INFO 7812 --- [g-40-shop] [main] o.hibernate.jpa.internal.util.LogHelper  : HHH000204: Processing PersistenceUnitInfo [name: default]
2024-06-13T10:35:00.291+02:00  INFO 7812 --- [g-40-shop] [main] org.hibernate.Version                    : HHH000412: Hibernate ORM core version 6.5.2.Final
2024-06-13T10:35:00.540+02:00  INFO 7812 --- [g-40-shop] [main] o.h.c.internal.RegionFactoryInitiator    : HHH000026: Second-level cache disabled
2024-06-13T10:35:02.581+02:00  INFO 7812 --- [g-40-shop] [main] o.s.o.j.p.SpringPersistenceUnitInfo      : No LoadTimeWeaver setup: ignoring JPA class transformer
2024-06-13T10:35:06.894+02:00  INFO 7812 --- [g-40-shop] [main] o.h.e.t.j.p.i.JtaPlatformInitiator       : HHH000489: No JTA platform available (set 'hibernate.transaction.jta.platform' to enable JTA platform integration)
2024-06-13T10:35:06.909+02:00  INFO 7812 --- [g-40-shop] [main] j.LocalContainerEntityManagerFactoryBean : Initialized JPA EntityManagerFactory for persistence unit 'default'
2024-06-13T10:35:11.221+02:00  WARN 7812 --- [g-40-shop] [main] ConfigServletWebServerApplicationContext : Exception encountered during context initialization - cancelling refresh attempt: org.springframework.beans.factory.UnsatisfiedDependencyException: Error creating bean with name 'customerController' defined in file [C:\Users\MACS4YOU\IdeaProjects\g-40-shop\target\classes\de\ait_tr\g_40_shop\controller\CustomerController.class]: Unsatisfied dependency expressed through constructor parameter 0: No qualifying bean of type 'de.ait_tr.g_40_shop.service.interfaces.CustomerService' available: expected at least 1 bean which qualifies as autowire candidate. Dependency annotations: {}
2024-06-13T10:35:11.223+02:00  INFO 7812 --- [g-40-shop] [main] j.LocalContainerEntityManagerFactoryBean : Closing JPA EntityManagerFactory for persistence unit 'default'
2024-06-13T10:35:11.231+02:00  INFO 7812 --- [g-40-shop] [main] com.zaxxer.hikari.HikariDataSource       : HikariPool-1 - Shutdown initiated...
2024-06-13T10:35:11.275+02:00  INFO 7812 --- [g-40-shop] [main] com.zaxxer.hikari.HikariDataSource       : HikariPool-1 - Shutdown completed.
2024-06-13T10:35:11.282+02:00  INFO 7812 --- [g-40-shop] [main] o.apache.catalina.core.StandardService   : Stopping service [Tomcat]
2024-06-13T10:35:11.369+02:00  INFO 7812 --- [g-40-shop] [main] .s.b.a.l.ConditionEvaluationReportLogger : 

Error starting ApplicationContext. To display the condition evaluation report re-run your application with 'debug' enabled.
2024-06-13T10:35:33.560+02:00 ERROR 7812 --- [g-40-shop] [main] o.s.b.d.LoggingFailureAnalysisReporter   : 

***************************
APPLICATION FAILED TO START
***************************

Description:

Parameter 0 of constructor in de.ait_tr.g_40_shop.controller.CustomerController required a bean of type 'de.ait_tr.g_40_shop.service.interfaces.CustomerService' that could not be found.


Action:

Consider defining a bean of type 'de.ait_tr.g_40_shop.service.interfaces.CustomerService' in your configuration.

2024-06-13T10:41:57.801+02:00  INFO 7680 --- [g-40-shop] [main] de.ait_tr.g_40_shop.G40ShopApplication   : Starting G40ShopApplication using Java 17.0.11 with PID 7680 (C:\Users\MACS4YOU\IdeaProjects\g-40-shop\target\classes started by MACS4YOU in C:\Users\MACS4YOU\IdeaProjects\g-40-shop)
2024-06-13T10:41:57.812+02:00  INFO 7680 --- [g-40-shop] [main] de.ait_tr.g_40_shop.G40ShopApplication   : The following 1 profile is active: "dev"
2024-06-13T10:42:02.971+02:00  INFO 7680 --- [g-40-shop] [main] .s.d.r.c.RepositoryConfigurationDelegate : Bootstrapping Spring Data JPA repositories in DEFAULT mode.
2024-06-13T10:42:03.369+02:00  INFO 7680 --- [g-40-shop] [main] .s.d.r.c.RepositoryConfigurationDelegate : Finished Spring Data repository scanning in 360 ms. Found 5 JPA repository interfaces.
2024-06-13T10:42:09.074+02:00  INFO 7680 --- [g-40-shop] [main] o.s.b.w.embedded.tomcat.TomcatWebServer  : Tomcat initialized with port 8080 (http)
2024-06-13T10:42:09.139+02:00  INFO 7680 --- [g-40-shop] [main] o.apache.catalina.core.StandardService   : Starting service [Tomcat]
2024-06-13T10:42:09.140+02:00  INFO 7680 --- [g-40-shop] [main] o.apache.catalina.core.StandardEngine    : Starting Servlet engine: [Apache Tomcat/10.1.24]
2024-06-13T10:42:09.535+02:00  INFO 7680 --- [g-40-shop] [main] o.a.c.c.C.[Tomcat].[localhost].[/]       : Initializing Spring embedded WebApplicationContext
2024-06-13T10:42:09.544+02:00  INFO 7680 --- [g-40-shop] [main] w.s.c.ServletWebServerApplicationContext : Root WebApplicationContext: initialization completed in 11338 ms
2024-06-13T10:42:10.661+02:00  INFO 7680 --- [g-40-shop] [main] com.zaxxer.hikari.HikariDataSource       : HikariPool-1 - Starting...
2024-06-13T10:42:11.591+02:00  INFO 7680 --- [g-40-shop] [main] com.zaxxer.hikari.pool.HikariPool        : HikariPool-1 - Added connection org.postgresql.jdbc.PgConnection@5b066c33
2024-06-13T10:42:11.599+02:00  INFO 7680 --- [g-40-shop] [main] com.zaxxer.hikari.HikariDataSource       : HikariPool-1 - Start completed.
2024-06-13T10:42:12.861+02:00  INFO 7680 --- [g-40-shop] [main] liquibase.database                       : Set default schema name to public
2024-06-13T10:42:16.835+02:00  INFO 7680 --- [g-40-shop] [main] liquibase.changelog                      : Reading from public.databasechangelog
2024-06-13T10:42:17.080+02:00  INFO 7680 --- [g-40-shop] [main] liquibase.ui                             : Database is up to date, no changesets to execute
2024-06-13T10:42:17.087+02:00  INFO 7680 --- [g-40-shop] [main] liquibase.changelog                      : Reading from public.databasechangelog
2024-06-13T10:42:17.135+02:00  INFO 7680 --- [g-40-shop] [main] liquibase.util                           : UPDATE SUMMARY
2024-06-13T10:42:17.135+02:00  INFO 7680 --- [g-40-shop] [main] liquibase.util                           : Run:                          0
2024-06-13T10:42:17.136+02:00  INFO 7680 --- [g-40-shop] [main] liquibase.util                           : Previously run:               8
2024-06-13T10:42:17.136+02:00  INFO 7680 --- [g-40-shop] [main] liquibase.util                           : Filtered out:                 0
2024-06-13T10:42:17.137+02:00  INFO 7680 --- [g-40-shop] [main] liquibase.util                           : -------------------------------
2024-06-13T10:42:17.140+02:00  INFO 7680 --- [g-40-shop] [main] liquibase.util                           : Total change sets:            8
2024-06-13T10:42:17.145+02:00  INFO 7680 --- [g-40-shop] [main] liquibase.util                           : Update summary generated
2024-06-13T10:42:17.237+02:00  INFO 7680 --- [g-40-shop] [main] liquibase.lockservice                    : Successfully released change log lock
2024-06-13T10:42:17.243+02:00  INFO 7680 --- [g-40-shop] [main] liquibase.command                        : Command execution complete
2024-06-13T10:42:17.844+02:00  INFO 7680 --- [g-40-shop] [main] o.hibernate.jpa.internal.util.LogHelper  : HHH000204: Processing PersistenceUnitInfo [name: default]
2024-06-13T10:42:18.113+02:00  INFO 7680 --- [g-40-shop] [main] org.hibernate.Version                    : HHH000412: Hibernate ORM core version 6.5.2.Final
2024-06-13T10:42:18.278+02:00  INFO 7680 --- [g-40-shop] [main] o.h.c.internal.RegionFactoryInitiator    : HHH000026: Second-level cache disabled
2024-06-13T10:42:19.666+02:00  INFO 7680 --- [g-40-shop] [main] o.s.o.j.p.SpringPersistenceUnitInfo      : No LoadTimeWeaver setup: ignoring JPA class transformer
2024-06-13T10:42:25.036+02:00  INFO 7680 --- [g-40-shop] [main] o.h.e.t.j.p.i.JtaPlatformInitiator       : HHH000489: No JTA platform available (set 'hibernate.transaction.jta.platform' to enable JTA platform integration)
2024-06-13T10:42:25.051+02:00  INFO 7680 --- [g-40-shop] [main] j.LocalContainerEntityManagerFactoryBean : Initialized JPA EntityManagerFactory for persistence unit 'default'
2024-06-13T10:42:29.073+02:00  WARN 7680 --- [g-40-shop] [main] ConfigServletWebServerApplicationContext : Exception encountered during context initialization - cancelling refresh attempt: org.springframework.beans.factory.UnsatisfiedDependencyException: Error creating bean with name 'customerController' defined in file [C:\Users\MACS4YOU\IdeaProjects\g-40-shop\target\classes\de\ait_tr\g_40_shop\controller\CustomerController.class]: Unsatisfied dependency expressed through constructor parameter 0: No qualifying bean of type 'de.ait_tr.g_40_shop.service.interfaces.CustomerService' available: expected at least 1 bean which qualifies as autowire candidate. Dependency annotations: {}
2024-06-13T10:42:29.076+02:00  INFO 7680 --- [g-40-shop] [main] j.LocalContainerEntityManagerFactoryBean : Closing JPA EntityManagerFactory for persistence unit 'default'
2024-06-13T10:42:29.083+02:00  INFO 7680 --- [g-40-shop] [main] com.zaxxer.hikari.HikariDataSource       : HikariPool-1 - Shutdown initiated...
2024-06-13T10:42:29.129+02:00  INFO 7680 --- [g-40-shop] [main] com.zaxxer.hikari.HikariDataSource       : HikariPool-1 - Shutdown completed.
2024-06-13T10:42:29.138+02:00  INFO 7680 --- [g-40-shop] [main] o.apache.catalina.core.StandardService   : Stopping service [Tomcat]
2024-06-13T10:42:29.204+02:00  INFO 7680 --- [g-40-shop] [main] .s.b.a.l.ConditionEvaluationReportLogger : 

Error starting ApplicationContext. To display the condition evaluation report re-run your application with 'debug' enabled.
2024-06-13T10:42:41.803+02:00 ERROR 7680 --- [g-40-shop] [main] o.s.b.d.LoggingFailureAnalysisReporter   : 

***************************
APPLICATION FAILED TO START
***************************

Description:

Parameter 0 of constructor in de.ait_tr.g_40_shop.controller.CustomerController required a bean of type 'de.ait_tr.g_40_shop.service.interfaces.CustomerService' that could not be found.


Action:

Consider defining a bean of type 'de.ait_tr.g_40_shop.service.interfaces.CustomerService' in your configuration.

2024-06-13T10:44:26.601+02:00  INFO 5012 --- [g-40-shop] [main] de.ait_tr.g_40_shop.G40ShopApplication   : Starting G40ShopApplication using Java 17.0.11 with PID 5012 (C:\Users\MACS4YOU\IdeaProjects\g-40-shop\target\classes started by MACS4YOU in C:\Users\MACS4YOU\IdeaProjects\g-40-shop)
2024-06-13T10:44:26.611+02:00  INFO 5012 --- [g-40-shop] [main] de.ait_tr.g_40_shop.G40ShopApplication   : The following 1 profile is active: "dev"
2024-06-13T10:44:35.086+02:00  INFO 5012 --- [g-40-shop] [main] .s.d.r.c.RepositoryConfigurationDelegate : Bootstrapping Spring Data JPA repositories in DEFAULT mode.
2024-06-13T10:44:35.680+02:00  INFO 5012 --- [g-40-shop] [main] .s.d.r.c.RepositoryConfigurationDelegate : Finished Spring Data repository scanning in 524 ms. Found 5 JPA repository interfaces.
2024-06-13T10:44:48.324+02:00  INFO 5012 --- [g-40-shop] [main] o.s.b.w.embedded.tomcat.TomcatWebServer  : Tomcat initialized with port 8080 (http)
2024-06-13T10:44:48.408+02:00  INFO 5012 --- [g-40-shop] [main] o.apache.catalina.core.StandardService   : Starting service [Tomcat]
2024-06-13T10:44:48.410+02:00  INFO 5012 --- [g-40-shop] [main] o.apache.catalina.core.StandardEngine    : Starting Servlet engine: [Apache Tomcat/10.1.24]
2024-06-13T10:44:48.928+02:00  INFO 5012 --- [g-40-shop] [main] o.a.c.c.C.[Tomcat].[localhost].[/]       : Initializing Spring embedded WebApplicationContext
2024-06-13T10:44:48.930+02:00  INFO 5012 --- [g-40-shop] [main] w.s.c.ServletWebServerApplicationContext : Root WebApplicationContext: initialization completed in 21980 ms
2024-06-13T10:44:50.049+02:00  INFO 5012 --- [g-40-shop] [main] com.zaxxer.hikari.HikariDataSource       : HikariPool-1 - Starting...
2024-06-13T10:44:52.038+02:00  INFO 5012 --- [g-40-shop] [main] com.zaxxer.hikari.pool.HikariPool        : HikariPool-1 - Added connection org.postgresql.jdbc.PgConnection@103c97ff
2024-06-13T10:44:52.055+02:00  INFO 5012 --- [g-40-shop] [main] com.zaxxer.hikari.HikariDataSource       : HikariPool-1 - Start completed.
2024-06-13T10:44:53.032+02:00  INFO 5012 --- [g-40-shop] [main] liquibase.database                       : Set default schema name to public
2024-06-13T10:44:58.882+02:00  INFO 5012 --- [g-40-shop] [main] liquibase.changelog                      : Reading from public.databasechangelog
2024-06-13T10:44:59.103+02:00  INFO 5012 --- [g-40-shop] [main] liquibase.ui                             : Database is up to date, no changesets to execute
2024-06-13T10:44:59.123+02:00  INFO 5012 --- [g-40-shop] [main] liquibase.changelog                      : Reading from public.databasechangelog
2024-06-13T10:44:59.171+02:00  INFO 5012 --- [g-40-shop] [main] liquibase.util                           : UPDATE SUMMARY
2024-06-13T10:44:59.171+02:00  INFO 5012 --- [g-40-shop] [main] liquibase.util                           : Run:                          0
2024-06-13T10:44:59.171+02:00  INFO 5012 --- [g-40-shop] [main] liquibase.util                           : Previously run:               8
2024-06-13T10:44:59.171+02:00  INFO 5012 --- [g-40-shop] [main] liquibase.util                           : Filtered out:                 0
2024-06-13T10:44:59.172+02:00  INFO 5012 --- [g-40-shop] [main] liquibase.util                           : -------------------------------
2024-06-13T10:44:59.172+02:00  INFO 5012 --- [g-40-shop] [main] liquibase.util                           : Total change sets:            8
2024-06-13T10:44:59.175+02:00  INFO 5012 --- [g-40-shop] [main] liquibase.util                           : Update summary generated
2024-06-13T10:44:59.294+02:00  INFO 5012 --- [g-40-shop] [main] liquibase.lockservice                    : Successfully released change log lock
2024-06-13T10:44:59.302+02:00  INFO 5012 --- [g-40-shop] [main] liquibase.command                        : Command execution complete
2024-06-13T10:45:00.231+02:00  INFO 5012 --- [g-40-shop] [main] o.hibernate.jpa.internal.util.LogHelper  : HHH000204: Processing PersistenceUnitInfo [name: default]
2024-06-13T10:45:00.650+02:00  INFO 5012 --- [g-40-shop] [main] org.hibernate.Version                    : HHH000412: Hibernate ORM core version 6.5.2.Final
2024-06-13T10:45:00.895+02:00  INFO 5012 --- [g-40-shop] [main] o.h.c.internal.RegionFactoryInitiator    : HHH000026: Second-level cache disabled
2024-06-13T10:45:02.811+02:00  INFO 5012 --- [g-40-shop] [main] o.s.o.j.p.SpringPersistenceUnitInfo      : No LoadTimeWeaver setup: ignoring JPA class transformer
2024-06-13T10:45:09.703+02:00  INFO 5012 --- [g-40-shop] [main] o.h.e.t.j.p.i.JtaPlatformInitiator       : HHH000489: No JTA platform available (set 'hibernate.transaction.jta.platform' to enable JTA platform integration)
2024-06-13T10:45:09.718+02:00  INFO 5012 --- [g-40-shop] [main] j.LocalContainerEntityManagerFactoryBean : Initialized JPA EntityManagerFactory for persistence unit 'default'
2024-06-13T10:45:14.320+02:00  WARN 5012 --- [g-40-shop] [main] ConfigServletWebServerApplicationContext : Exception encountered during context initialization - cancelling refresh attempt: org.springframework.beans.factory.UnsatisfiedDependencyException: Error creating bean with name 'customerController' defined in file [C:\Users\MACS4YOU\IdeaProjects\g-40-shop\target\classes\de\ait_tr\g_40_shop\controller\CustomerController.class]: Unsatisfied dependency expressed through constructor parameter 0: No qualifying bean of type 'de.ait_tr.g_40_shop.service.interfaces.CustomerService' available: expected at least 1 bean which qualifies as autowire candidate. Dependency annotations: {}
2024-06-13T10:45:14.322+02:00  INFO 5012 --- [g-40-shop] [main] j.LocalContainerEntityManagerFactoryBean : Closing JPA EntityManagerFactory for persistence unit 'default'
2024-06-13T10:45:14.331+02:00  INFO 5012 --- [g-40-shop] [main] com.zaxxer.hikari.HikariDataSource       : HikariPool-1 - Shutdown initiated...
2024-06-13T10:45:14.369+02:00  INFO 5012 --- [g-40-shop] [main] com.zaxxer.hikari.HikariDataSource       : HikariPool-1 - Shutdown completed.
2024-06-13T10:45:14.375+02:00  INFO 5012 --- [g-40-shop] [main] o.apache.catalina.core.StandardService   : Stopping service [Tomcat]
2024-06-13T10:45:14.451+02:00  INFO 5012 --- [g-40-shop] [main] .s.b.a.l.ConditionEvaluationReportLogger : 

Error starting ApplicationContext. To display the condition evaluation report re-run your application with 'debug' enabled.
2024-06-13T10:51:11.629+02:00  INFO 5176 --- [g-40-shop] [main] de.ait_tr.g_40_shop.G40ShopApplication   : Starting G40ShopApplication using Java 17.0.11 with PID 5176 (C:\Users\MACS4YOU\IdeaProjects\g-40-shop\target\classes started by MACS4YOU in C:\Users\MACS4YOU\IdeaProjects\g-40-shop)
2024-06-13T10:51:11.648+02:00  INFO 5176 --- [g-40-shop] [main] de.ait_tr.g_40_shop.G40ShopApplication   : The following 1 profile is active: "dev"
2024-06-13T10:51:18.758+02:00  INFO 5176 --- [g-40-shop] [main] .s.d.r.c.RepositoryConfigurationDelegate : Bootstrapping Spring Data JPA repositories in DEFAULT mode.
2024-06-13T10:51:19.788+02:00  INFO 5176 --- [g-40-shop] [main] .s.d.r.c.RepositoryConfigurationDelegate : Finished Spring Data repository scanning in 968 ms. Found 5 JPA repository interfaces.
2024-06-13T10:51:30.321+02:00  INFO 5176 --- [g-40-shop] [main] o.s.b.w.embedded.tomcat.TomcatWebServer  : Tomcat initialized with port 8080 (http)
2024-06-13T10:51:30.364+02:00  INFO 5176 --- [g-40-shop] [main] o.apache.catalina.core.StandardService   : Starting service [Tomcat]
2024-06-13T10:51:30.365+02:00  INFO 5176 --- [g-40-shop] [main] o.apache.catalina.core.StandardEngine    : Starting Servlet engine: [Apache Tomcat/10.1.24]
2024-06-13T10:51:30.720+02:00  INFO 5176 --- [g-40-shop] [main] o.a.c.c.C.[Tomcat].[localhost].[/]       : Initializing Spring embedded WebApplicationContext
2024-06-13T10:51:30.722+02:00  INFO 5176 --- [g-40-shop] [main] w.s.c.ServletWebServerApplicationContext : Root WebApplicationContext: initialization completed in 18517 ms
2024-06-13T10:51:33.299+02:00  INFO 5176 --- [g-40-shop] [main] com.zaxxer.hikari.HikariDataSource       : HikariPool-1 - Starting...
2024-06-13T10:51:35.003+02:00  INFO 5176 --- [g-40-shop] [main] com.zaxxer.hikari.pool.HikariPool        : HikariPool-1 - Added connection org.postgresql.jdbc.PgConnection@72af90e8
2024-06-13T10:51:35.018+02:00  INFO 5176 --- [g-40-shop] [main] com.zaxxer.hikari.HikariDataSource       : HikariPool-1 - Start completed.
2024-06-13T10:51:36.779+02:00  INFO 5176 --- [g-40-shop] [main] liquibase.database                       : Set default schema name to public
2024-06-13T10:51:41.818+02:00  INFO 5176 --- [g-40-shop] [main] liquibase.changelog                      : Reading from public.databasechangelog
2024-06-13T10:51:42.019+02:00  INFO 5176 --- [g-40-shop] [main] liquibase.ui                             : Database is up to date, no changesets to execute
2024-06-13T10:51:42.025+02:00  INFO 5176 --- [g-40-shop] [main] liquibase.changelog                      : Reading from public.databasechangelog
2024-06-13T10:51:42.164+02:00  INFO 5176 --- [g-40-shop] [main] liquibase.util                           : UPDATE SUMMARY
2024-06-13T10:51:42.166+02:00  INFO 5176 --- [g-40-shop] [main] liquibase.util                           : Run:                          0
2024-06-13T10:51:42.167+02:00  INFO 5176 --- [g-40-shop] [main] liquibase.util                           : Previously run:               8
2024-06-13T10:51:42.169+02:00  INFO 5176 --- [g-40-shop] [main] liquibase.util                           : Filtered out:                 0
2024-06-13T10:51:42.170+02:00  INFO 5176 --- [g-40-shop] [main] liquibase.util                           : -------------------------------
2024-06-13T10:51:42.175+02:00  INFO 5176 --- [g-40-shop] [main] liquibase.util                           : Total change sets:            8
2024-06-13T10:51:42.180+02:00  INFO 5176 --- [g-40-shop] [main] liquibase.util                           : Update summary generated
2024-06-13T10:51:42.293+02:00  INFO 5176 --- [g-40-shop] [main] liquibase.lockservice                    : Successfully released change log lock
2024-06-13T10:51:42.304+02:00  INFO 5176 --- [g-40-shop] [main] liquibase.command                        : Command execution complete
2024-06-13T10:51:43.173+02:00  INFO 5176 --- [g-40-shop] [main] o.hibernate.jpa.internal.util.LogHelper  : HHH000204: Processing PersistenceUnitInfo [name: default]
2024-06-13T10:51:43.408+02:00  INFO 5176 --- [g-40-shop] [main] org.hibernate.Version                    : HHH000412: Hibernate ORM core version 6.5.2.Final
2024-06-13T10:51:43.616+02:00  INFO 5176 --- [g-40-shop] [main] o.h.c.internal.RegionFactoryInitiator    : HHH000026: Second-level cache disabled
2024-06-13T10:51:44.841+02:00  INFO 5176 --- [g-40-shop] [main] o.s.o.j.p.SpringPersistenceUnitInfo      : No LoadTimeWeaver setup: ignoring JPA class transformer
2024-06-13T10:51:50.322+02:00  INFO 5176 --- [g-40-shop] [main] o.h.e.t.j.p.i.JtaPlatformInitiator       : HHH000489: No JTA platform available (set 'hibernate.transaction.jta.platform' to enable JTA platform integration)
2024-06-13T10:51:50.332+02:00  INFO 5176 --- [g-40-shop] [main] j.LocalContainerEntityManagerFactoryBean : Initialized JPA EntityManagerFactory for persistence unit 'default'
2024-06-13T10:51:53.989+02:00  WARN 5176 --- [g-40-shop] [main] ConfigServletWebServerApplicationContext : Exception encountered during context initialization - cancelling refresh attempt: org.springframework.beans.factory.UnsatisfiedDependencyException: Error creating bean with name 'customerController' defined in file [C:\Users\MACS4YOU\IdeaProjects\g-40-shop\target\classes\de\ait_tr\g_40_shop\controller\CustomerController.class]: Unsatisfied dependency expressed through constructor parameter 0: No qualifying bean of type 'de.ait_tr.g_40_shop.service.interfaces.CustomerService' available: expected at least 1 bean which qualifies as autowire candidate. Dependency annotations: {}
2024-06-13T10:51:53.995+02:00  INFO 5176 --- [g-40-shop] [main] j.LocalContainerEntityManagerFactoryBean : Closing JPA EntityManagerFactory for persistence unit 'default'
2024-06-13T10:51:54.000+02:00  INFO 5176 --- [g-40-shop] [main] com.zaxxer.hikari.HikariDataSource       : HikariPool-1 - Shutdown initiated...
2024-06-13T10:51:54.027+02:00  INFO 5176 --- [g-40-shop] [main] com.zaxxer.hikari.HikariDataSource       : HikariPool-1 - Shutdown completed.
2024-06-13T10:51:54.062+02:00  INFO 5176 --- [g-40-shop] [main] o.apache.catalina.core.StandardService   : Stopping service [Tomcat]
2024-06-13T10:51:54.124+02:00  INFO 5176 --- [g-40-shop] [main] .s.b.a.l.ConditionEvaluationReportLogger : 

Error starting ApplicationContext. To display the condition evaluation report re-run your application with 'debug' enabled.
2024-06-13T10:52:04.421+02:00 ERROR 5176 --- [g-40-shop] [main] o.s.b.d.LoggingFailureAnalysisReporter   : 

***************************
APPLICATION FAILED TO START
***************************

Description:

Parameter 0 of constructor in de.ait_tr.g_40_shop.controller.CustomerController required a bean of type 'de.ait_tr.g_40_shop.service.interfaces.CustomerService' that could not be found.


Action:

Consider defining a bean of type 'de.ait_tr.g_40_shop.service.interfaces.CustomerService' in your configuration.

2024-06-13T11:10:17.160+02:00  INFO 7484 --- [g-40-shop] [main] de.ait_tr.g_40_shop.G40ShopApplication   : Starting G40ShopApplication using Java 17.0.11 with PID 7484 (C:\Users\MACS4YOU\IdeaProjects\g-40-shop\target\classes started by MACS4YOU in C:\Users\MACS4YOU\IdeaProjects\g-40-shop)
2024-06-13T11:10:17.175+02:00  INFO 7484 --- [g-40-shop] [main] de.ait_tr.g_40_shop.G40ShopApplication   : The following 1 profile is active: "dev"
2024-06-13T11:10:21.977+02:00  INFO 7484 --- [g-40-shop] [main] .s.d.r.c.RepositoryConfigurationDelegate : Bootstrapping Spring Data JPA repositories in DEFAULT mode.
2024-06-13T11:10:22.343+02:00  INFO 7484 --- [g-40-shop] [main] .s.d.r.c.RepositoryConfigurationDelegate : Finished Spring Data repository scanning in 331 ms. Found 5 JPA repository interfaces.
2024-06-13T11:10:27.965+02:00  INFO 7484 --- [g-40-shop] [main] o.s.b.w.embedded.tomcat.TomcatWebServer  : Tomcat initialized with port 8080 (http)
2024-06-13T11:10:28.028+02:00  INFO 7484 --- [g-40-shop] [main] o.apache.catalina.core.StandardService   : Starting service [Tomcat]
2024-06-13T11:10:28.030+02:00  INFO 7484 --- [g-40-shop] [main] o.apache.catalina.core.StandardEngine    : Starting Servlet engine: [Apache Tomcat/10.1.24]
2024-06-13T11:10:28.589+02:00  INFO 7484 --- [g-40-shop] [main] o.a.c.c.C.[Tomcat].[localhost].[/]       : Initializing Spring embedded WebApplicationContext
2024-06-13T11:10:28.595+02:00  INFO 7484 --- [g-40-shop] [main] w.s.c.ServletWebServerApplicationContext : Root WebApplicationContext: initialization completed in 11008 ms
2024-06-13T11:10:31.766+02:00  INFO 7484 --- [g-40-shop] [main] com.zaxxer.hikari.HikariDataSource       : HikariPool-1 - Starting...
2024-06-13T11:10:33.001+02:00  INFO 7484 --- [g-40-shop] [main] com.zaxxer.hikari.pool.HikariPool        : HikariPool-1 - Added connection org.postgresql.jdbc.PgConnection@19cdc217
2024-06-13T11:10:33.009+02:00  INFO 7484 --- [g-40-shop] [main] com.zaxxer.hikari.HikariDataSource       : HikariPool-1 - Start completed.
2024-06-13T11:10:34.941+02:00  INFO 7484 --- [g-40-shop] [main] liquibase.database                       : Set default schema name to public
2024-06-13T11:10:39.292+02:00  INFO 7484 --- [g-40-shop] [main] liquibase.changelog                      : Reading from public.databasechangelog
2024-06-13T11:10:39.514+02:00  INFO 7484 --- [g-40-shop] [main] liquibase.ui                             : Database is up to date, no changesets to execute
2024-06-13T11:10:39.528+02:00  INFO 7484 --- [g-40-shop] [main] liquibase.changelog                      : Reading from public.databasechangelog
2024-06-13T11:10:39.561+02:00  INFO 7484 --- [g-40-shop] [main] liquibase.util                           : UPDATE SUMMARY
2024-06-13T11:10:39.564+02:00  INFO 7484 --- [g-40-shop] [main] liquibase.util                           : Run:                          0
2024-06-13T11:10:39.565+02:00  INFO 7484 --- [g-40-shop] [main] liquibase.util                           : Previously run:               8
2024-06-13T11:10:39.565+02:00  INFO 7484 --- [g-40-shop] [main] liquibase.util                           : Filtered out:                 0
2024-06-13T11:10:39.565+02:00  INFO 7484 --- [g-40-shop] [main] liquibase.util                           : -------------------------------
2024-06-13T11:10:39.566+02:00  INFO 7484 --- [g-40-shop] [main] liquibase.util                           : Total change sets:            8
2024-06-13T11:10:39.569+02:00  INFO 7484 --- [g-40-shop] [main] liquibase.util                           : Update summary generated
2024-06-13T11:10:39.648+02:00  INFO 7484 --- [g-40-shop] [main] liquibase.lockservice                    : Successfully released change log lock
2024-06-13T11:10:39.660+02:00  INFO 7484 --- [g-40-shop] [main] liquibase.command                        : Command execution complete
2024-06-13T11:10:41.249+02:00  INFO 7484 --- [g-40-shop] [main] o.hibernate.jpa.internal.util.LogHelper  : HHH000204: Processing PersistenceUnitInfo [name: default]
2024-06-13T11:10:41.691+02:00  INFO 7484 --- [g-40-shop] [main] org.hibernate.Version                    : HHH000412: Hibernate ORM core version 6.5.2.Final
2024-06-13T11:10:41.910+02:00  INFO 7484 --- [g-40-shop] [main] o.h.c.internal.RegionFactoryInitiator    : HHH000026: Second-level cache disabled
2024-06-13T11:10:43.401+02:00  INFO 7484 --- [g-40-shop] [main] o.s.o.j.p.SpringPersistenceUnitInfo      : No LoadTimeWeaver setup: ignoring JPA class transformer
2024-06-13T11:10:50.348+02:00  INFO 7484 --- [g-40-shop] [main] o.h.e.t.j.p.i.JtaPlatformInitiator       : HHH000489: No JTA platform available (set 'hibernate.transaction.jta.platform' to enable JTA platform integration)
2024-06-13T11:10:50.360+02:00  INFO 7484 --- [g-40-shop] [main] j.LocalContainerEntityManagerFactoryBean : Initialized JPA EntityManagerFactory for persistence unit 'default'
2024-06-13T11:10:55.400+02:00  WARN 7484 --- [g-40-shop] [main] ConfigServletWebServerApplicationContext : Exception encountered during context initialization - cancelling refresh attempt: org.springframework.beans.factory.UnsatisfiedDependencyException: Error creating bean with name 'customerController' defined in file [C:\Users\MACS4YOU\IdeaProjects\g-40-shop\target\classes\de\ait_tr\g_40_shop\controller\CustomerController.class]: Unsatisfied dependency expressed through constructor parameter 0: No qualifying bean of type 'de.ait_tr.g_40_shop.service.interfaces.CustomerService' available: expected at least 1 bean which qualifies as autowire candidate. Dependency annotations: {}
2024-06-13T11:10:55.404+02:00  INFO 7484 --- [g-40-shop] [main] j.LocalContainerEntityManagerFactoryBean : Closing JPA EntityManagerFactory for persistence unit 'default'
2024-06-13T11:10:55.411+02:00  INFO 7484 --- [g-40-shop] [main] com.zaxxer.hikari.HikariDataSource       : HikariPool-1 - Shutdown initiated...
2024-06-13T11:10:55.496+02:00  INFO 7484 --- [g-40-shop] [main] com.zaxxer.hikari.HikariDataSource       : HikariPool-1 - Shutdown completed.
2024-06-13T11:10:55.500+02:00  INFO 7484 --- [g-40-shop] [main] o.apache.catalina.core.StandardService   : Stopping service [Tomcat]
2024-06-13T11:10:55.583+02:00  INFO 7484 --- [g-40-shop] [main] .s.b.a.l.ConditionEvaluationReportLogger : 

Error starting ApplicationContext. To display the condition evaluation report re-run your application with 'debug' enabled.
2024-06-13T11:11:12.581+02:00 ERROR 7484 --- [g-40-shop] [main] o.s.b.d.LoggingFailureAnalysisReporter   : 

***************************
APPLICATION FAILED TO START
***************************

Description:

Parameter 0 of constructor in de.ait_tr.g_40_shop.controller.CustomerController required a bean of type 'de.ait_tr.g_40_shop.service.interfaces.CustomerService' that could not be found.


Action:

Consider defining a bean of type 'de.ait_tr.g_40_shop.service.interfaces.CustomerService' in your configuration.

2024-06-13T11:17:27.481+02:00  INFO 13228 --- [g-40-shop] [main] de.ait_tr.g_40_shop.G40ShopApplication   : Starting G40ShopApplication using Java 17.0.11 with PID 13228 (C:\Users\MACS4YOU\IdeaProjects\g-40-shop\target\classes started by MACS4YOU in C:\Users\MACS4YOU\IdeaProjects\g-40-shop)
2024-06-13T11:17:27.496+02:00  INFO 13228 --- [g-40-shop] [main] de.ait_tr.g_40_shop.G40ShopApplication   : The following 1 profile is active: "dev"
2024-06-13T11:17:32.558+02:00  INFO 13228 --- [g-40-shop] [main] .s.d.r.c.RepositoryConfigurationDelegate : Bootstrapping Spring Data JPA repositories in DEFAULT mode.
2024-06-13T11:17:33.023+02:00  INFO 13228 --- [g-40-shop] [main] .s.d.r.c.RepositoryConfigurationDelegate : Finished Spring Data repository scanning in 424 ms. Found 5 JPA repository interfaces.
2024-06-13T11:17:40.675+02:00  INFO 13228 --- [g-40-shop] [main] o.s.b.w.embedded.tomcat.TomcatWebServer  : Tomcat initialized with port 8080 (http)
2024-06-13T11:17:40.762+02:00  INFO 13228 --- [g-40-shop] [main] o.apache.catalina.core.StandardService   : Starting service [Tomcat]
2024-06-13T11:17:40.764+02:00  INFO 13228 --- [g-40-shop] [main] o.apache.catalina.core.StandardEngine    : Starting Servlet engine: [Apache Tomcat/10.1.24]
2024-06-13T11:17:41.351+02:00  INFO 13228 --- [g-40-shop] [main] o.a.c.c.C.[Tomcat].[localhost].[/]       : Initializing Spring embedded WebApplicationContext
2024-06-13T11:17:41.354+02:00  INFO 13228 --- [g-40-shop] [main] w.s.c.ServletWebServerApplicationContext : Root WebApplicationContext: initialization completed in 13591 ms
2024-06-13T11:17:43.265+02:00  INFO 13228 --- [g-40-shop] [main] com.zaxxer.hikari.HikariDataSource       : HikariPool-1 - Starting...
2024-06-13T11:17:44.852+02:00  INFO 13228 --- [g-40-shop] [main] com.zaxxer.hikari.pool.HikariPool        : HikariPool-1 - Added connection org.postgresql.jdbc.PgConnection@76e4212
2024-06-13T11:17:44.865+02:00  INFO 13228 --- [g-40-shop] [main] com.zaxxer.hikari.HikariDataSource       : HikariPool-1 - Start completed.
2024-06-13T11:17:46.428+02:00  INFO 13228 --- [g-40-shop] [main] liquibase.database                       : Set default schema name to public
2024-06-13T11:17:51.886+02:00  INFO 13228 --- [g-40-shop] [main] liquibase.changelog                      : Reading from public.databasechangelog
2024-06-13T11:17:52.198+02:00  INFO 13228 --- [g-40-shop] [main] liquibase.ui                             : Database is up to date, no changesets to execute
2024-06-13T11:17:52.205+02:00  INFO 13228 --- [g-40-shop] [main] liquibase.changelog                      : Reading from public.databasechangelog
2024-06-13T11:17:52.261+02:00  INFO 13228 --- [g-40-shop] [main] liquibase.util                           : UPDATE SUMMARY
2024-06-13T11:17:52.263+02:00  INFO 13228 --- [g-40-shop] [main] liquibase.util                           : Run:                          0
2024-06-13T11:17:52.265+02:00  INFO 13228 --- [g-40-shop] [main] liquibase.util                           : Previously run:               8
2024-06-13T11:17:52.277+02:00  INFO 13228 --- [g-40-shop] [main] liquibase.util                           : Filtered out:                 0
2024-06-13T11:17:52.279+02:00  INFO 13228 --- [g-40-shop] [main] liquibase.util                           : -------------------------------
2024-06-13T11:17:52.280+02:00  INFO 13228 --- [g-40-shop] [main] liquibase.util                           : Total change sets:            8
2024-06-13T11:17:52.286+02:00  INFO 13228 --- [g-40-shop] [main] liquibase.util                           : Update summary generated
2024-06-13T11:17:52.392+02:00  INFO 13228 --- [g-40-shop] [main] liquibase.lockservice                    : Successfully released change log lock
2024-06-13T11:17:52.399+02:00  INFO 13228 --- [g-40-shop] [main] liquibase.command                        : Command execution complete
2024-06-13T11:17:53.400+02:00  INFO 13228 --- [g-40-shop] [main] o.hibernate.jpa.internal.util.LogHelper  : HHH000204: Processing PersistenceUnitInfo [name: default]
2024-06-13T11:17:53.910+02:00  INFO 13228 --- [g-40-shop] [main] org.hibernate.Version                    : HHH000412: Hibernate ORM core version 6.5.2.Final
2024-06-13T11:17:54.169+02:00  INFO 13228 --- [g-40-shop] [main] o.h.c.internal.RegionFactoryInitiator    : HHH000026: Second-level cache disabled
2024-06-13T11:17:56.160+02:00  INFO 13228 --- [g-40-shop] [main] o.s.o.j.p.SpringPersistenceUnitInfo      : No LoadTimeWeaver setup: ignoring JPA class transformer
2024-06-13T11:18:02.925+02:00  INFO 13228 --- [g-40-shop] [main] o.h.e.t.j.p.i.JtaPlatformInitiator       : HHH000489: No JTA platform available (set 'hibernate.transaction.jta.platform' to enable JTA platform integration)
2024-06-13T11:18:02.943+02:00  INFO 13228 --- [g-40-shop] [main] j.LocalContainerEntityManagerFactoryBean : Initialized JPA EntityManagerFactory for persistence unit 'default'
2024-06-13T11:18:11.009+02:00  WARN 13228 --- [g-40-shop] [main] JpaBaseConfiguration$JpaWebConfiguration : spring.jpa.open-in-view is enabled by default. Therefore, database queries may be performed during view rendering. Explicitly configure spring.jpa.open-in-view to disable this warning
2024-06-13T11:18:11.330+02:00  INFO 13228 --- [g-40-shop] [main] r$InitializeUserDetailsManagerConfigurer : Global AuthenticationManager configured with UserDetailsService bean with name userService
2024-06-13T11:18:14.620+02:00  INFO 13228 --- [g-40-shop] [main] o.s.s.web.DefaultSecurityFilterChain     : Will secure any request with [org.springframework.security.web.session.DisableEncodeUrlFilter@52b53172, org.springframework.security.web.context.request.async.WebAsyncManagerIntegrationFilter@5c1dc4e9, org.springframework.security.web.context.SecurityContextHolderFilter@457f43a2, org.springframework.security.web.header.HeaderWriterFilter@1a389b39, org.springframework.web.filter.CorsFilter@7731fb94, org.springframework.security.web.authentication.logout.LogoutFilter@184218af, de.ait_tr.g_40_shop.security.sec_filter.TokenFilter@1ced1fb9, org.springframework.security.web.savedrequest.RequestCacheAwareFilter@6f8fa77a, org.springframework.security.web.servletapi.SecurityContextHolderAwareRequestFilter@3d3709d0, org.springframework.security.web.authentication.AnonymousAuthenticationFilter@48860fb8, org.springframework.security.web.session.SessionManagementFilter@62bcfa01, org.springframework.security.web.access.ExceptionTranslationFilter@124b1369, org.springframework.security.web.access.intercept.AuthorizationFilter@6559cbdd]
2024-06-13T11:18:18.139+02:00  INFO 13228 --- [g-40-shop] [main] o.s.b.w.embedded.tomcat.TomcatWebServer  : Tomcat started on port 8080 (http) with context path '/'
2024-06-13T11:18:18.216+02:00  INFO 13228 --- [g-40-shop] [main] de.ait_tr.g_40_shop.G40ShopApplication   : Started G40ShopApplication in 53.353 seconds (process running for 55.601)
2024-06-13T11:18:54.941+02:00  INFO 13228 --- [g-40-shop] [http-nio-8080-exec-3] o.a.c.c.C.[Tomcat].[localhost].[/]       : Initializing Spring DispatcherServlet 'dispatcherServlet'
2024-06-13T11:18:54.944+02:00  INFO 13228 --- [g-40-shop] [http-nio-8080-exec-3] o.s.web.servlet.DispatcherServlet        : Initializing Servlet 'dispatcherServlet'
2024-06-13T11:18:54.952+02:00  INFO 13228 --- [g-40-shop] [http-nio-8080-exec-3] o.s.web.servlet.DispatcherServlet        : Completed initialization in 7 ms
2024-06-13T11:21:48.398+02:00  INFO 13228 --- [g-40-shop] [http-nio-8080-exec-8] d.a.g_40_shop.logging.AspectLogging      : Method getAllCustomers of class CustomerServiceImpl called with parameters: []
2024-06-13T11:21:48.970+02:00  WARN 13228 --- [g-40-shop] [http-nio-8080-exec-8] o.h.engine.jdbc.spi.SqlExceptionHelper   : SQL Error: 0, SQLState: 42P01
2024-06-13T11:21:48.971+02:00 ERROR 13228 --- [g-40-shop] [http-nio-8080-exec-8] o.h.engine.jdbc.spi.SqlExceptionHelper   : FEHLER: Relation customer existiert nicht
  Position: 56
2024-06-13T11:21:49.008+02:00 ERROR 13228 --- [g-40-shop] [http-nio-8080-exec-8] d.a.g_40_shop.logging.AspectLogging      : Method getAllCustomers of class CustomerServiceImpl threw an exception: JDBC exception executing SQL [select c1_0.id,c1_0.active,c1_0.cart_id,c1_0.name from customer c1_0] [FEHLER: Relation customer existiert nicht
  Position: 56] [n/a]; SQL [n/a]
2024-06-13T11:21:49.009+02:00  INFO 13228 --- [g-40-shop] [http-nio-8080-exec-8] d.a.g_40_shop.logging.AspectLogging      : Method getAllCustomers of class CustomerServiceImpl finished
2024-06-13T11:21:49.017+02:00 ERROR 13228 --- [g-40-shop] [http-nio-8080-exec-8] o.a.c.c.C.[.[.[/].[dispatcherServlet]    : Servlet.service() for servlet [dispatcherServlet] in context with path [] threw exception [Request processing failed: org.springframework.dao.InvalidDataAccessResourceUsageException: JDBC exception executing SQL [select c1_0.id,c1_0.active,c1_0.cart_id,c1_0.name from customer c1_0] [FEHLER: Relation customer existiert nicht
  Position: 56] [n/a]; SQL [n/a]] with root cause

org.postgresql.util.PSQLException: FEHLER: Relation customer existiert nicht
  Position: 56
	at org.postgresql.core.v3.QueryExecutorImpl.receiveErrorResponse(QueryExecutorImpl.java:2725) ~[postgresql-42.7.3.jar:42.7.3]
	at org.postgresql.core.v3.QueryExecutorImpl.processResults(QueryExecutorImpl.java:2412) ~[postgresql-42.7.3.jar:42.7.3]
	at org.postgresql.core.v3.QueryExecutorImpl.execute(QueryExecutorImpl.java:371) ~[postgresql-42.7.3.jar:42.7.3]
	at org.postgresql.jdbc.PgStatement.executeInternal(PgStatement.java:502) ~[postgresql-42.7.3.jar:42.7.3]
	at org.postgresql.jdbc.PgStatement.execute(PgStatement.java:419) ~[postgresql-42.7.3.jar:42.7.3]
	at org.postgresql.jdbc.PgPreparedStatement.executeWithFlags(PgPreparedStatement.java:194) ~[postgresql-42.7.3.jar:42.7.3]
	at org.postgresql.jdbc.PgPreparedStatement.executeQuery(PgPreparedStatement.java:137) ~[postgresql-42.7.3.jar:42.7.3]
	at com.zaxxer.hikari.pool.ProxyPreparedStatement.executeQuery(ProxyPreparedStatement.java:52) ~[HikariCP-5.1.0.jar:na]
	at com.zaxxer.hikari.pool.HikariProxyPreparedStatement.executeQuery(HikariProxyPreparedStatement.java) ~[HikariCP-5.1.0.jar:na]
	at org.hibernate.sql.results.jdbc.internal.DeferredResultSetAccess.executeQuery(DeferredResultSetAccess.java:246) ~[hibernate-core-6.5.2.Final.jar:6.5.2.Final]
	at org.hibernate.sql.results.jdbc.internal.DeferredResultSetAccess.getResultSet(DeferredResultSetAccess.java:167) ~[hibernate-core-6.5.2.Final.jar:6.5.2.Final]
	at org.hibernate.sql.results.jdbc.internal.JdbcValuesResultSetImpl.advanceNext(JdbcValuesResultSetImpl.java:265) ~[hibernate-core-6.5.2.Final.jar:6.5.2.Final]
	at org.hibernate.sql.results.jdbc.internal.JdbcValuesResultSetImpl.processNext(JdbcValuesResultSetImpl.java:145) ~[hibernate-core-6.5.2.Final.jar:6.5.2.Final]
	at org.hibernate.sql.results.jdbc.internal.AbstractJdbcValues.next(AbstractJdbcValues.java:19) ~[hibernate-core-6.5.2.Final.jar:6.5.2.Final]
	at org.hibernate.sql.results.internal.RowProcessingStateStandardImpl.next(RowProcessingStateStandardImpl.java:67) ~[hibernate-core-6.5.2.Final.jar:6.5.2.Final]
	at org.hibernate.sql.results.spi.ListResultsConsumer.consume(ListResultsConsumer.java:204) ~[hibernate-core-6.5.2.Final.jar:6.5.2.Final]
	at org.hibernate.sql.results.spi.ListResultsConsumer.consume(ListResultsConsumer.java:33) ~[hibernate-core-6.5.2.Final.jar:6.5.2.Final]
	at org.hibernate.sql.exec.internal.JdbcSelectExecutorStandardImpl.doExecuteQuery(JdbcSelectExecutorStandardImpl.java:211) ~[hibernate-core-6.5.2.Final.jar:6.5.2.Final]
	at org.hibernate.sql.exec.internal.JdbcSelectExecutorStandardImpl.executeQuery(JdbcSelectExecutorStandardImpl.java:83) ~[hibernate-core-6.5.2.Final.jar:6.5.2.Final]
	at org.hibernate.sql.exec.spi.JdbcSelectExecutor.list(JdbcSelectExecutor.java:76) ~[hibernate-core-6.5.2.Final.jar:6.5.2.Final]
	at org.hibernate.sql.exec.spi.JdbcSelectExecutor.list(JdbcSelectExecutor.java:65) ~[hibernate-core-6.5.2.Final.jar:6.5.2.Final]
	at org.hibernate.query.sqm.internal.ConcreteSqmSelectQueryPlan.lambda$new$2(ConcreteSqmSelectQueryPlan.java:139) ~[hibernate-core-6.5.2.Final.jar:6.5.2.Final]
	at org.hibernate.query.sqm.internal.ConcreteSqmSelectQueryPlan.withCacheableSqmInterpretation(ConcreteSqmSelectQueryPlan.java:382) ~[hibernate-core-6.5.2.Final.jar:6.5.2.Final]
	at org.hibernate.query.sqm.internal.ConcreteSqmSelectQueryPlan.performList(ConcreteSqmSelectQueryPlan.java:302) ~[hibernate-core-6.5.2.Final.jar:6.5.2.Final]
	at org.hibernate.query.sqm.internal.QuerySqmImpl.doList(QuerySqmImpl.java:526) ~[hibernate-core-6.5.2.Final.jar:6.5.2.Final]
	at org.hibernate.query.spi.AbstractSelectionQuery.list(AbstractSelectionQuery.java:423) ~[hibernate-core-6.5.2.Final.jar:6.5.2.Final]
	at org.hibernate.query.Query.getResultList(Query.java:120) ~[hibernate-core-6.5.2.Final.jar:6.5.2.Final]
	at org.springframework.data.jpa.repository.support.SimpleJpaRepository.findAll(SimpleJpaRepository.java:391) ~[spring-data-jpa-3.3.0.jar:3.3.0]
	at org.springframework.data.jpa.repository.support.SimpleJpaRepository.findAll(SimpleJpaRepository.java:1) ~[spring-data-jpa-3.3.0.jar:3.3.0]
	at java.base/jdk.internal.reflect.NativeMethodAccessorImpl.invoke0(Native Method) ~[na:na]
	at java.base/jdk.internal.reflect.NativeMethodAccessorImpl.invoke(NativeMethodAccessorImpl.java:77) ~[na:na]
	at java.base/jdk.internal.reflect.DelegatingMethodAccessorImpl.invoke(DelegatingMethodAccessorImpl.java:43) ~[na:na]
	at java.base/java.lang.reflect.Method.invoke(Method.java:568) ~[na:na]
	at org.springframework.aop.support.AopUtils.invokeJoinpointUsingReflection(AopUtils.java:354) ~[spring-aop-6.1.8.jar:6.1.8]
	at org.springframework.data.repository.core.support.RepositoryMethodInvoker$RepositoryFragmentMethodInvoker.lambda$new$0(RepositoryMethodInvoker.java:277) ~[spring-data-commons-3.3.0.jar:3.3.0]
	at org.springframework.data.repository.core.support.RepositoryMethodInvoker.doInvoke(RepositoryMethodInvoker.java:170) ~[spring-data-commons-3.3.0.jar:3.3.0]
	at org.springframework.data.repository.core.support.RepositoryMethodInvoker.invoke(RepositoryMethodInvoker.java:158) ~[spring-data-commons-3.3.0.jar:3.3.0]
	at org.springframework.data.repository.core.support.RepositoryComposition$RepositoryFragments.invoke(RepositoryComposition.java:516) ~[spring-data-commons-3.3.0.jar:3.3.0]
	at org.springframework.data.repository.core.support.RepositoryComposition.invoke(RepositoryComposition.java:285) ~[spring-data-commons-3.3.0.jar:3.3.0]
	at org.springframework.data.repository.core.support.RepositoryFactorySupport$ImplementationMethodExecutionInterceptor.invoke(RepositoryFactorySupport.java:628) ~[spring-data-commons-3.3.0.jar:3.3.0]
	at org.springframework.aop.framework.ReflectiveMethodInvocation.proceed(ReflectiveMethodInvocation.java:184) ~[spring-aop-6.1.8.jar:6.1.8]
	at org.springframework.data.repository.core.support.QueryExecutorMethodInterceptor.doInvoke(QueryExecutorMethodInterceptor.java:168) ~[spring-data-commons-3.3.0.jar:3.3.0]
	at org.springframework.data.repository.core.support.QueryExecutorMethodInterceptor.invoke(QueryExecutorMethodInterceptor.java:143) ~[spring-data-commons-3.3.0.jar:3.3.0]
	at org.springframework.aop.framework.ReflectiveMethodInvocation.proceed(ReflectiveMethodInvocation.java:184) ~[spring-aop-6.1.8.jar:6.1.8]
	at org.springframework.data.projection.DefaultMethodInvokingMethodInterceptor.invoke(DefaultMethodInvokingMethodInterceptor.java:70) ~[spring-data-commons-3.3.0.jar:3.3.0]
	at org.springframework.aop.framework.ReflectiveMethodInvocation.proceed(ReflectiveMethodInvocation.java:184) ~[spring-aop-6.1.8.jar:6.1.8]
	at org.springframework.transaction.interceptor.TransactionInterceptor$1.proceedWithInvocation(TransactionInterceptor.java:123) ~[spring-tx-6.1.8.jar:6.1.8]
	at org.springframework.transaction.interceptor.TransactionAspectSupport.invokeWithinTransaction(TransactionAspectSupport.java:392) ~[spring-tx-6.1.8.jar:6.1.8]
	at org.springframework.transaction.interceptor.TransactionInterceptor.invoke(TransactionInterceptor.java:119) ~[spring-tx-6.1.8.jar:6.1.8]
	at org.springframework.aop.framework.ReflectiveMethodInvocation.proceed(ReflectiveMethodInvocation.java:184) ~[spring-aop-6.1.8.jar:6.1.8]
	at org.springframework.dao.support.PersistenceExceptionTranslationInterceptor.invoke(PersistenceExceptionTranslationInterceptor.java:137) ~[spring-tx-6.1.8.jar:6.1.8]
	at org.springframework.aop.framework.ReflectiveMethodInvocation.proceed(ReflectiveMethodInvocation.java:184) ~[spring-aop-6.1.8.jar:6.1.8]
	at org.springframework.data.jpa.repository.support.CrudMethodMetadataPostProcessor$CrudMethodMetadataPopulatingMethodInterceptor.invoke(CrudMethodMetadataPostProcessor.java:165) ~[spring-data-jpa-3.3.0.jar:3.3.0]
	at org.springframework.aop.framework.ReflectiveMethodInvocation.proceed(ReflectiveMethodInvocation.java:184) ~[spring-aop-6.1.8.jar:6.1.8]
	at org.springframework.aop.interceptor.ExposeInvocationInterceptor.invoke(ExposeInvocationInterceptor.java:97) ~[spring-aop-6.1.8.jar:6.1.8]
	at org.springframework.aop.framework.ReflectiveMethodInvocation.proceed(ReflectiveMethodInvocation.java:184) ~[spring-aop-6.1.8.jar:6.1.8]
	at org.springframework.aop.framework.JdkDynamicAopProxy.invoke(JdkDynamicAopProxy.java:223) ~[spring-aop-6.1.8.jar:6.1.8]
	at jdk.proxy2/jdk.proxy2.$Proxy150.findAll(Unknown Source) ~[na:na]
	at de.ait_tr.g_40_shop.service.CustomerServiceImpl.getAllCustomers(CustomerServiceImpl.java:33) ~[classes/:na]
	at java.base/jdk.internal.reflect.NativeMethodAccessorImpl.invoke0(Native Method) ~[na:na]
	at java.base/jdk.internal.reflect.NativeMethodAccessorImpl.invoke(NativeMethodAccessorImpl.java:77) ~[na:na]
	at java.base/jdk.internal.reflect.DelegatingMethodAccessorImpl.invoke(DelegatingMethodAccessorImpl.java:43) ~[na:na]
	at java.base/java.lang.reflect.Method.invoke(Method.java:568) ~[na:na]
	at org.springframework.aop.support.AopUtils.invokeJoinpointUsingReflection(AopUtils.java:354) ~[spring-aop-6.1.8.jar:6.1.8]
	at org.springframework.aop.framework.ReflectiveMethodInvocation.invokeJoinpoint(ReflectiveMethodInvocation.java:196) ~[spring-aop-6.1.8.jar:6.1.8]
	at org.springframework.aop.framework.ReflectiveMethodInvocation.proceed(ReflectiveMethodInvocation.java:163) ~[spring-aop-6.1.8.jar:6.1.8]
	at org.springframework.aop.framework.CglibAopProxy$CglibMethodInvocation.proceed(CglibAopProxy.java:768) ~[spring-aop-6.1.8.jar:6.1.8]
	at org.springframework.aop.aspectj.AspectJAfterThrowingAdvice.invoke(AspectJAfterThrowingAdvice.java:64) ~[spring-aop-6.1.8.jar:6.1.8]
	at org.springframework.aop.framework.ReflectiveMethodInvocation.proceed(ReflectiveMethodInvocation.java:184) ~[spring-aop-6.1.8.jar:6.1.8]
	at org.springframework.aop.framework.CglibAopProxy$CglibMethodInvocation.proceed(CglibAopProxy.java:768) ~[spring-aop-6.1.8.jar:6.1.8]
	at org.springframework.aop.framework.adapter.AfterReturningAdviceInterceptor.invoke(AfterReturningAdviceInterceptor.java:57) ~[spring-aop-6.1.8.jar:6.1.8]
	at org.springframework.aop.framework.ReflectiveMethodInvocation.proceed(ReflectiveMethodInvocation.java:184) ~[spring-aop-6.1.8.jar:6.1.8]
	at org.springframework.aop.framework.CglibAopProxy$CglibMethodInvocation.proceed(CglibAopProxy.java:768) ~[spring-aop-6.1.8.jar:6.1.8]
	at org.springframework.aop.aspectj.AspectJAfterAdvice.invoke(AspectJAfterAdvice.java:49) ~[spring-aop-6.1.8.jar:6.1.8]
	at org.springframework.aop.framework.ReflectiveMethodInvocation.proceed(ReflectiveMethodInvocation.java:184) ~[spring-aop-6.1.8.jar:6.1.8]
	at org.springframework.aop.framework.CglibAopProxy$CglibMethodInvocation.proceed(CglibAopProxy.java:768) ~[spring-aop-6.1.8.jar:6.1.8]
	at org.springframework.aop.framework.adapter.MethodBeforeAdviceInterceptor.invoke(MethodBeforeAdviceInterceptor.java:58) ~[spring-aop-6.1.8.jar:6.1.8]
	at org.springframework.aop.framework.ReflectiveMethodInvocation.proceed(ReflectiveMethodInvocation.java:184) ~[spring-aop-6.1.8.jar:6.1.8]
	at org.springframework.aop.framework.CglibAopProxy$CglibMethodInvocation.proceed(CglibAopProxy.java:768) ~[spring-aop-6.1.8.jar:6.1.8]
	at org.springframework.aop.interceptor.ExposeInvocationInterceptor.invoke(ExposeInvocationInterceptor.java:97) ~[spring-aop-6.1.8.jar:6.1.8]
	at org.springframework.aop.framework.ReflectiveMethodInvocation.proceed(ReflectiveMethodInvocation.java:184) ~[spring-aop-6.1.8.jar:6.1.8]
	at org.springframework.aop.framework.CglibAopProxy$CglibMethodInvocation.proceed(CglibAopProxy.java:768) ~[spring-aop-6.1.8.jar:6.1.8]
	at org.springframework.aop.framework.CglibAopProxy$DynamicAdvisedInterceptor.intercept(CglibAopProxy.java:720) ~[spring-aop-6.1.8.jar:6.1.8]
	at de.ait_tr.g_40_shop.service.CustomerServiceImpl$$SpringCGLIB$$0.getAllCustomers(<generated>) ~[classes/:na]
	at de.ait_tr.g_40_shop.controller.CustomerController.getAllCustomers(CustomerController.java:33) ~[classes/:na]
	at java.base/jdk.internal.reflect.NativeMethodAccessorImpl.invoke0(Native Method) ~[na:na]
	at java.base/jdk.internal.reflect.NativeMethodAccessorImpl.invoke(NativeMethodAccessorImpl.java:77) ~[na:na]
	at java.base/jdk.internal.reflect.DelegatingMethodAccessorImpl.invoke(DelegatingMethodAccessorImpl.java:43) ~[na:na]
	at java.base/java.lang.reflect.Method.invoke(Method.java:568) ~[na:na]
	at org.springframework.web.method.support.InvocableHandlerMethod.doInvoke(InvocableHandlerMethod.java:255) ~[spring-web-6.1.8.jar:6.1.8]
	at org.springframework.web.method.support.InvocableHandlerMethod.invokeForRequest(InvocableHandlerMethod.java:188) ~[spring-web-6.1.8.jar:6.1.8]
	at org.springframework.web.servlet.mvc.method.annotation.ServletInvocableHandlerMethod.invokeAndHandle(ServletInvocableHandlerMethod.java:118) ~[spring-webmvc-6.1.8.jar:6.1.8]
	at org.springframework.web.servlet.mvc.method.annotation.RequestMappingHandlerAdapter.invokeHandlerMethod(RequestMappingHandlerAdapter.java:926) ~[spring-webmvc-6.1.8.jar:6.1.8]
	at org.springframework.web.servlet.mvc.method.annotation.RequestMappingHandlerAdapter.handleInternal(RequestMappingHandlerAdapter.java:831) ~[spring-webmvc-6.1.8.jar:6.1.8]
	at org.springframework.web.servlet.mvc.method.AbstractHandlerMethodAdapter.handle(AbstractHandlerMethodAdapter.java:87) ~[spring-webmvc-6.1.8.jar:6.1.8]
	at org.springframework.web.servlet.DispatcherServlet.doDispatch(DispatcherServlet.java:1089) ~[spring-webmvc-6.1.8.jar:6.1.8]
	at org.springframework.web.servlet.DispatcherServlet.doService(DispatcherServlet.java:979) ~[spring-webmvc-6.1.8.jar:6.1.8]
	at org.springframework.web.servlet.FrameworkServlet.processRequest(FrameworkServlet.java:1014) ~[spring-webmvc-6.1.8.jar:6.1.8]
	at org.springframework.web.servlet.FrameworkServlet.doGet(FrameworkServlet.java:903) ~[spring-webmvc-6.1.8.jar:6.1.8]
	at jakarta.servlet.http.HttpServlet.service(HttpServlet.java:564) ~[tomcat-embed-core-10.1.24.jar:6.0]
	at org.springframework.web.servlet.FrameworkServlet.service(FrameworkServlet.java:885) ~[spring-webmvc-6.1.8.jar:6.1.8]
	at jakarta.servlet.http.HttpServlet.service(HttpServlet.java:658) ~[tomcat-embed-core-10.1.24.jar:6.0]
	at org.apache.catalina.core.ApplicationFilterChain.internalDoFilter(ApplicationFilterChain.java:195) ~[tomcat-embed-core-10.1.24.jar:10.1.24]
	at org.apache.catalina.core.ApplicationFilterChain.doFilter(ApplicationFilterChain.java:140) ~[tomcat-embed-core-10.1.24.jar:10.1.24]
	at org.apache.tomcat.websocket.server.WsFilter.doFilter(WsFilter.java:51) ~[tomcat-embed-websocket-10.1.24.jar:10.1.24]
	at org.apache.catalina.core.ApplicationFilterChain.internalDoFilter(ApplicationFilterChain.java:164) ~[tomcat-embed-core-10.1.24.jar:10.1.24]
	at org.apache.catalina.core.ApplicationFilterChain.doFilter(ApplicationFilterChain.java:140) ~[tomcat-embed-core-10.1.24.jar:10.1.24]
	at de.ait_tr.g_40_shop.security.sec_filter.TokenFilter.doFilter(TokenFilter.java:37) ~[classes/:na]
	at org.apache.catalina.core.ApplicationFilterChain.internalDoFilter(ApplicationFilterChain.java:164) ~[tomcat-embed-core-10.1.24.jar:10.1.24]
	at org.apache.catalina.core.ApplicationFilterChain.doFilter(ApplicationFilterChain.java:140) ~[tomcat-embed-core-10.1.24.jar:10.1.24]
	at org.springframework.web.filter.CompositeFilter$VirtualFilterChain.doFilter(CompositeFilter.java:108) ~[spring-web-6.1.8.jar:6.1.8]
	at org.springframework.security.web.FilterChainProxy.lambda$doFilterInternal$3(FilterChainProxy.java:231) ~[spring-security-web-6.3.0.jar:6.3.0]
	at org.springframework.security.web.FilterChainProxy$VirtualFilterChain.doFilter(FilterChainProxy.java:365) ~[spring-security-web-6.3.0.jar:6.3.0]
	at org.springframework.security.web.access.intercept.AuthorizationFilter.doFilter(AuthorizationFilter.java:100) ~[spring-security-web-6.3.0.jar:6.3.0]
	at org.springframework.security.web.FilterChainProxy$VirtualFilterChain.doFilter(FilterChainProxy.java:374) ~[spring-security-web-6.3.0.jar:6.3.0]
	at org.springframework.security.web.access.ExceptionTranslationFilter.doFilter(ExceptionTranslationFilter.java:126) ~[spring-security-web-6.3.0.jar:6.3.0]
	at org.springframework.security.web.access.ExceptionTranslationFilter.doFilter(ExceptionTranslationFilter.java:120) ~[spring-security-web-6.3.0.jar:6.3.0]
	at org.springframework.security.web.FilterChainProxy$VirtualFilterChain.doFilter(FilterChainProxy.java:374) ~[spring-security-web-6.3.0.jar:6.3.0]
	at org.springframework.security.web.session.SessionManagementFilter.doFilter(SessionManagementFilter.java:131) ~[spring-security-web-6.3.0.jar:6.3.0]
	at org.springframework.security.web.session.SessionManagementFilter.doFilter(SessionManagementFilter.java:85) ~[spring-security-web-6.3.0.jar:6.3.0]
	at org.springframework.security.web.FilterChainProxy$VirtualFilterChain.doFilter(FilterChainProxy.java:374) ~[spring-security-web-6.3.0.jar:6.3.0]
	at org.springframework.security.web.authentication.AnonymousAuthenticationFilter.doFilter(AnonymousAuthenticationFilter.java:100) ~[spring-security-web-6.3.0.jar:6.3.0]
	at org.springframework.security.web.FilterChainProxy$VirtualFilterChain.doFilter(FilterChainProxy.java:374) ~[spring-security-web-6.3.0.jar:6.3.0]
	at org.springframework.security.web.servletapi.SecurityContextHolderAwareRequestFilter.doFilter(SecurityContextHolderAwareRequestFilter.java:179) ~[spring-security-web-6.3.0.jar:6.3.0]
	at org.springframework.security.web.FilterChainProxy$VirtualFilterChain.doFilter(FilterChainProxy.java:374) ~[spring-security-web-6.3.0.jar:6.3.0]
	at org.springframework.security.web.savedrequest.RequestCacheAwareFilter.doFilter(RequestCacheAwareFilter.java:63) ~[spring-security-web-6.3.0.jar:6.3.0]
	at org.springframework.security.web.FilterChainProxy$VirtualFilterChain.doFilter(FilterChainProxy.java:374) ~[spring-security-web-6.3.0.jar:6.3.0]
	at de.ait_tr.g_40_shop.security.sec_filter.TokenFilter.doFilter(TokenFilter.java:37) ~[classes/:na]
	at org.springframework.security.web.FilterChainProxy$VirtualFilterChain.doFilter(FilterChainProxy.java:374) ~[spring-security-web-6.3.0.jar:6.3.0]
	at org.springframework.security.web.authentication.logout.LogoutFilter.doFilter(LogoutFilter.java:107) ~[spring-security-web-6.3.0.jar:6.3.0]
	at org.springframework.security.web.authentication.logout.LogoutFilter.doFilter(LogoutFilter.java:93) ~[spring-security-web-6.3.0.jar:6.3.0]
	at org.springframework.security.web.FilterChainProxy$VirtualFilterChain.doFilter(FilterChainProxy.java:374) ~[spring-security-web-6.3.0.jar:6.3.0]
	at org.springframework.web.filter.CorsFilter.doFilterInternal(CorsFilter.java:91) ~[spring-web-6.1.8.jar:6.1.8]
	at org.springframework.web.filter.OncePerRequestFilter.doFilter(OncePerRequestFilter.java:116) ~[spring-web-6.1.8.jar:6.1.8]
	at org.springframework.security.web.FilterChainProxy$VirtualFilterChain.doFilter(FilterChainProxy.java:374) ~[spring-security-web-6.3.0.jar:6.3.0]
	at org.springframework.security.web.header.HeaderWriterFilter.doHeadersAfter(HeaderWriterFilter.java:90) ~[spring-security-web-6.3.0.jar:6.3.0]
	at org.springframework.security.web.header.HeaderWriterFilter.doFilterInternal(HeaderWriterFilter.java:75) ~[spring-security-web-6.3.0.jar:6.3.0]
	at org.springframework.web.filter.OncePerRequestFilter.doFilter(OncePerRequestFilter.java:116) ~[spring-web-6.1.8.jar:6.1.8]
	at org.springframework.security.web.FilterChainProxy$VirtualFilterChain.doFilter(FilterChainProxy.java:374) ~[spring-security-web-6.3.0.jar:6.3.0]
	at org.springframework.security.web.context.SecurityContextHolderFilter.doFilter(SecurityContextHolderFilter.java:82) ~[spring-security-web-6.3.0.jar:6.3.0]
	at org.springframework.security.web.context.SecurityContextHolderFilter.doFilter(SecurityContextHolderFilter.java:69) ~[spring-security-web-6.3.0.jar:6.3.0]
	at org.springframework.security.web.FilterChainProxy$VirtualFilterChain.doFilter(FilterChainProxy.java:374) ~[spring-security-web-6.3.0.jar:6.3.0]
	at org.springframework.security.web.context.request.async.WebAsyncManagerIntegrationFilter.doFilterInternal(WebAsyncManagerIntegrationFilter.java:62) ~[spring-security-web-6.3.0.jar:6.3.0]
	at org.springframework.web.filter.OncePerRequestFilter.doFilter(OncePerRequestFilter.java:116) ~[spring-web-6.1.8.jar:6.1.8]
	at org.springframework.security.web.FilterChainProxy$VirtualFilterChain.doFilter(FilterChainProxy.java:374) ~[spring-security-web-6.3.0.jar:6.3.0]
	at org.springframework.security.web.session.DisableEncodeUrlFilter.doFilterInternal(DisableEncodeUrlFilter.java:42) ~[spring-security-web-6.3.0.jar:6.3.0]
	at org.springframework.web.filter.OncePerRequestFilter.doFilter(OncePerRequestFilter.java:116) ~[spring-web-6.1.8.jar:6.1.8]
	at org.springframework.security.web.FilterChainProxy$VirtualFilterChain.doFilter(FilterChainProxy.java:374) ~[spring-security-web-6.3.0.jar:6.3.0]
	at org.springframework.security.web.FilterChainProxy.doFilterInternal(FilterChainProxy.java:233) ~[spring-security-web-6.3.0.jar:6.3.0]
	at org.springframework.security.web.FilterChainProxy.doFilter(FilterChainProxy.java:191) ~[spring-security-web-6.3.0.jar:6.3.0]
	at org.springframework.web.filter.CompositeFilter$VirtualFilterChain.doFilter(CompositeFilter.java:113) ~[spring-web-6.1.8.jar:6.1.8]
	at org.springframework.web.servlet.handler.HandlerMappingIntrospector.lambda$createCacheFilter$3(HandlerMappingIntrospector.java:195) ~[spring-webmvc-6.1.8.jar:6.1.8]
	at org.springframework.web.filter.CompositeFilter$VirtualFilterChain.doFilter(CompositeFilter.java:113) ~[spring-web-6.1.8.jar:6.1.8]
	at org.springframework.web.filter.CompositeFilter.doFilter(CompositeFilter.java:74) ~[spring-web-6.1.8.jar:6.1.8]
	at org.springframework.security.config.annotation.web.configuration.WebMvcSecurityConfiguration$CompositeFilterChainProxy.doFilter(WebMvcSecurityConfiguration.java:230) ~[spring-security-config-6.3.0.jar:6.3.0]
	at org.springframework.web.filter.DelegatingFilterProxy.invokeDelegate(DelegatingFilterProxy.java:352) ~[spring-web-6.1.8.jar:6.1.8]
	at org.springframework.web.filter.DelegatingFilterProxy.doFilter(DelegatingFilterProxy.java:268) ~[spring-web-6.1.8.jar:6.1.8]
	at org.apache.catalina.core.ApplicationFilterChain.internalDoFilter(ApplicationFilterChain.java:164) ~[tomcat-embed-core-10.1.24.jar:10.1.24]
	at org.apache.catalina.core.ApplicationFilterChain.doFilter(ApplicationFilterChain.java:140) ~[tomcat-embed-core-10.1.24.jar:10.1.24]
	at org.springframework.web.filter.RequestContextFilter.doFilterInternal(RequestContextFilter.java:100) ~[spring-web-6.1.8.jar:6.1.8]
	at org.springframework.web.filter.OncePerRequestFilter.doFilter(OncePerRequestFilter.java:116) ~[spring-web-6.1.8.jar:6.1.8]
	at org.apache.catalina.core.ApplicationFilterChain.internalDoFilter(ApplicationFilterChain.java:164) ~[tomcat-embed-core-10.1.24.jar:10.1.24]
	at org.apache.catalina.core.ApplicationFilterChain.doFilter(ApplicationFilterChain.java:140) ~[tomcat-embed-core-10.1.24.jar:10.1.24]
	at org.springframework.web.filter.FormContentFilter.doFilterInternal(FormContentFilter.java:93) ~[spring-web-6.1.8.jar:6.1.8]
	at org.springframework.web.filter.OncePerRequestFilter.doFilter(OncePerRequestFilter.java:116) ~[spring-web-6.1.8.jar:6.1.8]
	at org.apache.catalina.core.ApplicationFilterChain.internalDoFilter(ApplicationFilterChain.java:164) ~[tomcat-embed-core-10.1.24.jar:10.1.24]
	at org.apache.catalina.core.ApplicationFilterChain.doFilter(ApplicationFilterChain.java:140) ~[tomcat-embed-core-10.1.24.jar:10.1.24]
	at org.springframework.web.filter.CharacterEncodingFilter.doFilterInternal(CharacterEncodingFilter.java:201) ~[spring-web-6.1.8.jar:6.1.8]
	at org.springframework.web.filter.OncePerRequestFilter.doFilter(OncePerRequestFilter.java:116) ~[spring-web-6.1.8.jar:6.1.8]
	at org.apache.catalina.core.ApplicationFilterChain.internalDoFilter(ApplicationFilterChain.java:164) ~[tomcat-embed-core-10.1.24.jar:10.1.24]
	at org.apache.catalina.core.ApplicationFilterChain.doFilter(ApplicationFilterChain.java:140) ~[tomcat-embed-core-10.1.24.jar:10.1.24]
	at org.apache.catalina.core.StandardWrapperValve.invoke(StandardWrapperValve.java:167) ~[tomcat-embed-core-10.1.24.jar:10.1.24]
	at org.apache.catalina.core.StandardContextValve.invoke(StandardContextValve.java:90) ~[tomcat-embed-core-10.1.24.jar:10.1.24]
	at org.apache.catalina.authenticator.AuthenticatorBase.invoke(AuthenticatorBase.java:482) ~[tomcat-embed-core-10.1.24.jar:10.1.24]
	at org.apache.catalina.core.StandardHostValve.invoke(StandardHostValve.java:115) ~[tomcat-embed-core-10.1.24.jar:10.1.24]
	at org.apache.catalina.valves.ErrorReportValve.invoke(ErrorReportValve.java:93) ~[tomcat-embed-core-10.1.24.jar:10.1.24]
	at org.apache.catalina.core.StandardEngineValve.invoke(StandardEngineValve.java:74) ~[tomcat-embed-core-10.1.24.jar:10.1.24]
	at org.apache.catalina.connector.CoyoteAdapter.service(CoyoteAdapter.java:344) ~[tomcat-embed-core-10.1.24.jar:10.1.24]
	at org.apache.coyote.http11.Http11Processor.service(Http11Processor.java:389) ~[tomcat-embed-core-10.1.24.jar:10.1.24]
	at org.apache.coyote.AbstractProcessorLight.process(AbstractProcessorLight.java:63) ~[tomcat-embed-core-10.1.24.jar:10.1.24]
	at org.apache.coyote.AbstractProtocol$ConnectionHandler.process(AbstractProtocol.java:896) ~[tomcat-embed-core-10.1.24.jar:10.1.24]
	at org.apache.tomcat.util.net.NioEndpoint$SocketProcessor.doRun(NioEndpoint.java:1741) ~[tomcat-embed-core-10.1.24.jar:10.1.24]
	at org.apache.tomcat.util.net.SocketProcessorBase.run(SocketProcessorBase.java:52) ~[tomcat-embed-core-10.1.24.jar:10.1.24]
	at org.apache.tomcat.util.threads.ThreadPoolExecutor.runWorker(ThreadPoolExecutor.java:1190) ~[tomcat-embed-core-10.1.24.jar:10.1.24]
	at org.apache.tomcat.util.threads.ThreadPoolExecutor$Worker.run(ThreadPoolExecutor.java:659) ~[tomcat-embed-core-10.1.24.jar:10.1.24]
	at org.apache.tomcat.util.threads.TaskThread$WrappingRunnable.run(TaskThread.java:63) ~[tomcat-embed-core-10.1.24.jar:10.1.24]
	at java.base/java.lang.Thread.run(Thread.java:840) ~[na:na]

